#
# A fatal error has been detected by the Java Runtime Environment:
#
#  EXCEPTION_ACCESS_VIOLATION (0xc0000005) at pc=0x00007ff8eb1ce3e1, pid=5896, tid=23944
#
# JRE version: OpenJDK Runtime Environment Temurin-19.0.2+7 (19.0.2+7) (build 19.0.2+7)
# Java VM: OpenJDK 64-Bit Server VM Temurin-19.0.2+7 (19.0.2+7, mixed mode, tiered, compressed oops, compressed class ptrs, g1 gc, windows-amd64)
# Problematic frame:
# V  [jvm.dll+0x33e3e1]
#
# No core dump will be written. Minidumps are not enabled by default on client versions of Windows
#
# If you would like to submit a bug report, please visit:
#   https://github.com/adoptium/adoptium-support/issues
#

---------------  S U M M A R Y ------------

Command Line: -XX:+ShowCodeDetailsInExceptionMessages -agentlib:jdwp=transport=dt_socket,suspend=y,address=localhost:64448 -javaagent:C:\Users\09269322\eclipse\jee-2022-03\eclipse\configuration\org.eclipse.osgi\1196\0\.cp\lib\javaagent-shaded.jar -Dfile.encoding=UTF-8 com.VotingManagementSystem.VotingManagementSystemApplication

Host: Intel(R) Core(TM) i5-10600K CPU @ 4.10GHz, 12 cores, 31G,  Windows 10 , 64 bit Build 19041 (10.0.19041.4717)
Time: Tue Aug 27 14:45:06 2024 Romance Daylight Time elapsed time: 9552.806128 seconds (0d 2h 39m 12s)

---------------  T H R E A D  ---------------

Current thread (0x000001bd7b7d6820):  WorkerThread "GC Thread#6" [stack: 0x0000009647200000,0x0000009647300000] [id=23944]

Stack: [0x0000009647200000,0x0000009647300000],  sp=0x00000096472fde40,  free space=1015k
Native frames: (J=compiled Java code, j=interpreted, Vv=VM code, C=native code)
V  [jvm.dll+0x33e3e1]
V  [jvm.dll+0x33e2d2]
V  [jvm.dll+0x313b68]
V  [jvm.dll+0x313442]
V  [jvm.dll+0x851ed7]
V  [jvm.dll+0x851d49]
V  [jvm.dll+0x852360]
V  [jvm.dll+0x367aac]
V  [jvm.dll+0x367b64]
V  [jvm.dll+0x3427da]
V  [jvm.dll+0x8cf104]
V  [jvm.dll+0x84de3a]
V  [jvm.dll+0x6e8abb]
C  [ucrtbase.dll+0x21bb2]
C  [KERNEL32.DLL+0x17374]
C  [ntdll.dll+0x4cc91]

JavaThread 0x000001bd06f7ea00 (nid = 21960) was being processed
Java frames: (J=compiled Java code, j=interpreted, Vv=VM code)
j  java.lang.invoke.LambdaForm$DMH+0x0000000800138800.invokeVirtual(Ljava/lang/Object;Ljava/lang/Object;Ljava/lang/Object;)Ljava/lang/Object;+11 java.base@19.0.2
J 11058 c1 java.lang.invoke.LambdaForm$MH+0x0000000800128c00.invoke(Ljava/lang/Object;Ljava/lang/Object;Ljava/lang/Object;)Ljava/lang/Object; java.base@19.0.2 (56 bytes) @ 0x000001bd5266b11c [0x000001bd5266a920+0x00000000000007fc]
J 8681 c2 java.lang.reflect.Method.invoke(Ljava/lang/Object;[Ljava/lang/Object;)Ljava/lang/Object; java.base@19.0.2 (108 bytes) @ 0x000001bd59369690 [0x000001bd59368f20+0x0000000000000770]
j  org.springframework.web.method.support.InvocableHandlerMethod.doInvoke([Ljava/lang/Object;)Ljava/lang/Object;+29
j  org.springframework.web.method.support.InvocableHandlerMethod.invokeForRequest(Lorg/springframework/web/context/request/NativeWebRequest;Lorg/springframework/web/method/support/ModelAndViewContainer;[Ljava/lang/Object;)Ljava/lang/Object;+41
j  org.springframework.web.servlet.mvc.method.annotation.ServletInvocableHandlerMethod.invokeAndHandle(Lorg/springframework/web/context/request/ServletWebRequest;Lorg/springframework/web/method/support/ModelAndViewContainer;[Ljava/lang/Object;)V+4
j  org.springframework.web.servlet.mvc.method.annotation.RequestMappingHandlerAdapter.invokeHandlerMethod(Ljakarta/servlet/http/HttpServletRequest;Ljakarta/servlet/http/HttpServletResponse;Lorg/springframework/web/method/HandlerMethod;)Lorg/springframework/web/servlet/ModelAndView;+244
j  org.springframework.web.servlet.mvc.method.annotation.RequestMappingHandlerAdapter.handleInternal(Ljakarta/servlet/http/HttpServletRequest;Ljakarta/servlet/http/HttpServletResponse;Lorg/springframework/web/method/HandlerMethod;)Lorg/springframework/web/servlet/ModelAndView;+81
j  org.springframework.web.servlet.mvc.method.AbstractHandlerMethodAdapter.handle(Ljakarta/servlet/http/HttpServletRequest;Ljakarta/servlet/http/HttpServletResponse;Ljava/lang/Object;)Lorg/springframework/web/servlet/ModelAndView;+7
j  org.springframework.web.servlet.DispatcherServlet.doDispatch(Ljakarta/servlet/http/HttpServletRequest;Ljakarta/servlet/http/HttpServletResponse;)V+259
j  org.springframework.web.servlet.DispatcherServlet.doService(Ljakarta/servlet/http/HttpServletRequest;Ljakarta/servlet/http/HttpServletResponse;)V+242
j  org.springframework.web.servlet.FrameworkServlet.processRequest(Ljakarta/servlet/http/HttpServletRequest;Ljakarta/servlet/http/HttpServletResponse;)V+70
j  org.springframework.web.servlet.FrameworkServlet.doPost(Ljakarta/servlet/http/HttpServletRequest;Ljakarta/servlet/http/HttpServletResponse;)V+3
j  jakarta.servlet.http.HttpServlet.service(Ljakarta/servlet/http/HttpServletRequest;Ljakarta/servlet/http/HttpServletResponse;)V+149
j  org.springframework.web.servlet.FrameworkServlet.service(Ljakarta/servlet/http/HttpServletRequest;Ljakarta/servlet/http/HttpServletResponse;)V+20
j  jakarta.servlet.http.HttpServlet.service(Ljakarta/servlet/ServletRequest;Ljakarta/servlet/ServletResponse;)V+36
J 13543 c1 org.apache.catalina.core.ApplicationFilterChain.internalDoFilter(Ljakarta/servlet/ServletRequest;Ljakarta/servlet/ServletResponse;)V (391 bytes) @ 0x000001bd529b725c [0x000001bd529b6620+0x0000000000000c3c]
J 11180 c1 org.apache.catalina.core.ApplicationFilterChain.doFilter(Ljakarta/servlet/ServletRequest;Ljakarta/servlet/ServletResponse;)V (103 bytes) @ 0x000001bd526c6664 [0x000001bd526c65c0+0x00000000000000a4]
j  org.apache.tomcat.websocket.server.WsFilter.doFilter(Ljakarta/servlet/ServletRequest;Ljakarta/servlet/ServletResponse;Ljakarta/servlet/FilterChain;)V+21
J 13543 c1 org.apache.catalina.core.ApplicationFilterChain.internalDoFilter(Ljakarta/servlet/ServletRequest;Ljakarta/servlet/ServletResponse;)V (391 bytes) @ 0x000001bd529b6a3c [0x000001bd529b6620+0x000000000000041c]
J 11180 c1 org.apache.catalina.core.ApplicationFilterChain.doFilter(Ljakarta/servlet/ServletRequest;Ljakarta/servlet/ServletResponse;)V (103 bytes) @ 0x000001bd526c6664 [0x000001bd526c65c0+0x00000000000000a4]
J 10947 c1 org.springframework.web.filter.OncePerRequestFilter.doFilter(Ljakarta/servlet/ServletRequest;Ljakarta/servlet/ServletResponse;Ljakarta/servlet/FilterChain;)V (178 bytes) @ 0x000001bd5263816c [0x000001bd52636560+0x0000000000001c0c]
J 13543 c1 org.apache.catalina.core.ApplicationFilterChain.internalDoFilter(Ljakarta/servlet/ServletRequest;Ljakarta/servlet/ServletResponse;)V (391 bytes) @ 0x000001bd529b6a3c [0x000001bd529b6620+0x000000000000041c]
J 11180 c1 org.apache.catalina.core.ApplicationFilterChain.doFilter(Ljakarta/servlet/ServletRequest;Ljakarta/servlet/ServletResponse;)V (103 bytes) @ 0x000001bd526c6664 [0x000001bd526c65c0+0x00000000000000a4]
j  org.springframework.security.web.FilterChainProxy.lambda$doFilterInternal$3(Lorg/springframework/security/web/firewall/FirewalledRequest;Ljakarta/servlet/FilterChain;Ljakarta/servlet/ServletRequest;Ljakarta/servlet/ServletResponse;)V+35
j  org.springframework.security.web.FilterChainProxy$$Lambda$1517+0x00000008009a1288.doFilter(Ljakarta/servlet/ServletRequest;Ljakarta/servlet/ServletResponse;)V+10
J 10831 c1 org.springframework.security.web.FilterChainProxy$VirtualFilterChain.doFilter(Ljakarta/servlet/ServletRequest;Ljakarta/servlet/ServletResponse;)V (111 bytes) @ 0x000001bd525ef31c [0x000001bd525ee8a0+0x0000000000000a7c]
j  org.springframework.security.web.access.intercept.AuthorizationFilter.doFilter(Ljakarta/servlet/ServletRequest;Ljakarta/servlet/ServletResponse;Ljakarta/servlet/FilterChain;)V+143
J 10831 c1 org.springframework.security.web.FilterChainProxy$VirtualFilterChain.doFilter(Ljakarta/servlet/ServletRequest;Ljakarta/servlet/ServletResponse;)V (111 bytes) @ 0x000001bd525ef244 [0x000001bd525ee8a0+0x00000000000009a4]
j  org.springframework.security.web.access.ExceptionTranslationFilter.doFilter(Ljakarta/servlet/http/HttpServletRequest;Ljakarta/servlet/http/HttpServletResponse;Ljakarta/servlet/FilterChain;)V+3
j  org.springframework.security.web.access.ExceptionTranslationFilter.doFilter(Ljakarta/servlet/ServletRequest;Ljakarta/servlet/ServletResponse;Ljakarta/servlet/FilterChain;)V+10
J 10831 c1 org.springframework.security.web.FilterChainProxy$VirtualFilterChain.doFilter(Ljakarta/servlet/ServletRequest;Ljakarta/servlet/ServletResponse;)V (111 bytes) @ 0x000001bd525ef244 [0x000001bd525ee8a0+0x00000000000009a4]
j  org.springframework.security.web.session.SessionManagementFilter.doFilter(Ljakarta/servlet/http/HttpServletRequest;Ljakarta/servlet/http/HttpServletResponse;Ljakarta/servlet/FilterChain;)V+228
j  org.springframework.security.web.session.SessionManagementFilter.doFilter(Ljakarta/servlet/ServletRequest;Ljakarta/servlet/ServletResponse;Ljakarta/servlet/FilterChain;)V+10
J 10831 c1 org.springframework.security.web.FilterChainProxy$VirtualFilterChain.doFilter(Ljakarta/servlet/ServletRequest;Ljakarta/servlet/ServletResponse;)V (111 bytes) @ 0x000001bd525ef244 [0x000001bd525ee8a0+0x00000000000009a4]
j  org.springframework.security.web.authentication.AnonymousAuthenticationFilter.doFilter(Ljakarta/servlet/ServletRequest;Ljakarta/servlet/ServletResponse;Ljakarta/servlet/FilterChain;)V+33
J 10831 c1 org.springframework.security.web.FilterChainProxy$VirtualFilterChain.doFilter(Ljakarta/servlet/ServletRequest;Ljakarta/servlet/ServletResponse;)V (111 bytes) @ 0x000001bd525ef244 [0x000001bd525ee8a0+0x00000000000009a4]
j  org.springframework.security.web.servletapi.SecurityContextHolderAwareRequestFilter.doFilter(Ljakarta/servlet/ServletRequest;Ljakarta/servlet/ServletResponse;Ljakarta/servlet/FilterChain;)V+19
J 10831 c1 org.springframework.security.web.FilterChainProxy$VirtualFilterChain.doFilter(Ljakarta/servlet/ServletRequest;Ljakarta/servlet/ServletResponse;)V (111 bytes) @ 0x000001bd525ef244 [0x000001bd525ee8a0+0x00000000000009a4]
j  org.springframework.security.web.savedrequest.RequestCacheAwareFilter.doFilter(Ljakarta/servlet/ServletRequest;Ljakarta/servlet/ServletResponse;Ljakarta/servlet/FilterChain;)V+32
J 10831 c1 org.springframework.security.web.FilterChainProxy$VirtualFilterChain.doFilter(Ljakarta/servlet/ServletRequest;Ljakarta/servlet/ServletResponse;)V (111 bytes) @ 0x000001bd525ef244 [0x000001bd525ee8a0+0x00000000000009a4]
j  com.VotingManagementSystem.config.JwtAuthenticationFilter.doFilterInternal(Ljakarta/servlet/http/HttpServletRequest;Ljakarta/servlet/http/HttpServletResponse;Ljakarta/servlet/FilterChain;)V+201
J 10947 c1 org.springframework.web.filter.OncePerRequestFilter.doFilter(Ljakarta/servlet/ServletRequest;Ljakarta/servlet/ServletResponse;Ljakarta/servlet/FilterChain;)V (178 bytes) @ 0x000001bd52637e1c [0x000001bd52636560+0x00000000000018bc]
J 10831 c1 org.springframework.security.web.FilterChainProxy$VirtualFilterChain.doFilter(Ljakarta/servlet/ServletRequest;Ljakarta/servlet/ServletResponse;)V (111 bytes) @ 0x000001bd525ef244 [0x000001bd525ee8a0+0x00000000000009a4]
j  org.springframework.security.web.authentication.logout.LogoutFilter.doFilter(Ljakarta/servlet/http/HttpServletRequest;Ljakarta/servlet/http/HttpServletResponse;Ljakarta/servlet/FilterChain;)V+83
j  org.springframework.security.web.authentication.logout.LogoutFilter.doFilter(Ljakarta/servlet/ServletRequest;Ljakarta/servlet/ServletResponse;Ljakarta/servlet/FilterChain;)V+10
J 10831 c1 org.springframework.security.web.FilterChainProxy$VirtualFilterChain.doFilter(Ljakarta/servlet/ServletRequest;Ljakarta/servlet/ServletResponse;)V (111 bytes) @ 0x000001bd525ef244 [0x000001bd525ee8a0+0x00000000000009a4]
j  org.springframework.security.web.header.HeaderWriterFilter.doHeadersAfter(Ljakarta/servlet/http/HttpServletRequest;Ljakarta/servlet/http/HttpServletResponse;Ljakarta/servlet/FilterChain;)V+29
j  org.springframework.security.web.header.HeaderWriterFilter.doFilterInternal(Ljakarta/servlet/http/HttpServletRequest;Ljakarta/servlet/http/HttpServletResponse;Ljakarta/servlet/FilterChain;)V+21
J 10947 c1 org.springframework.web.filter.OncePerRequestFilter.doFilter(Ljakarta/servlet/ServletRequest;Ljakarta/servlet/ServletResponse;Ljakarta/servlet/FilterChain;)V (178 bytes) @ 0x000001bd52637e1c [0x000001bd52636560+0x00000000000018bc]
J 10831 c1 org.springframework.security.web.FilterChainProxy$VirtualFilterChain.doFilter(Ljakarta/servlet/ServletRequest;Ljakarta/servlet/ServletResponse;)V (111 bytes) @ 0x000001bd525ef244 [0x000001bd525ee8a0+0x00000000000009a4]
j  org.springframework.security.web.context.SecurityContextHolderFilter.doFilter(Ljakarta/servlet/http/HttpServletRequest;Ljakarta/servlet/http/HttpServletResponse;Ljakarta/servlet/FilterChain;)V+59
j  org.springframework.security.web.context.SecurityContextHolderFilter.doFilter(Ljakarta/servlet/ServletRequest;Ljakarta/servlet/ServletResponse;Ljakarta/servlet/FilterChain;)V+10
J 10831 c1 org.springframework.security.web.FilterChainProxy$VirtualFilterChain.doFilter(Ljakarta/servlet/ServletRequest;Ljakarta/servlet/ServletResponse;)V (111 bytes) @ 0x000001bd525ef244 [0x000001bd525ee8a0+0x00000000000009a4]
j  org.springframework.security.web.context.request.async.WebAsyncManagerIntegrationFilter.doFilterInternal(Ljakarta/servlet/http/HttpServletRequest;Ljakarta/servlet/http/HttpServletResponse;Ljakarta/servlet/FilterChain;)V+55
J 10947 c1 org.springframework.web.filter.OncePerRequestFilter.doFilter(Ljakarta/servlet/ServletRequest;Ljakarta/servlet/ServletResponse;Ljakarta/servlet/FilterChain;)V (178 bytes) @ 0x000001bd52637e1c [0x000001bd52636560+0x00000000000018bc]
J 10831 c1 org.springframework.security.web.FilterChainProxy$VirtualFilterChain.doFilter(Ljakarta/servlet/ServletRequest;Ljakarta/servlet/ServletResponse;)V (111 bytes) @ 0x000001bd525ef244 [0x000001bd525ee8a0+0x00000000000009a4]
j  org.springframework.security.web.session.DisableEncodeUrlFilter.doFilterInternal(Ljakarta/servlet/http/HttpServletRequest;Ljakarta/servlet/http/HttpServletResponse;Ljakarta/servlet/FilterChain;)V+10
J 10947 c1 org.springframework.web.filter.OncePerRequestFilter.doFilter(Ljakarta/servlet/ServletRequest;Ljakarta/servlet/ServletResponse;Ljakarta/servlet/FilterChain;)V (178 bytes) @ 0x000001bd52637e1c [0x000001bd52636560+0x00000000000018bc]
J 10831 c1 org.springframework.security.web.FilterChainProxy$VirtualFilterChain.doFilter(Ljakarta/servlet/ServletRequest;Ljakarta/servlet/ServletResponse;)V (111 bytes) @ 0x000001bd525ef244 [0x000001bd525ee8a0+0x00000000000009a4]
j  org.springframework.security.web.FilterChainProxy.doFilterInternal(Ljakarta/servlet/ServletRequest;Ljakarta/servlet/ServletResponse;Ljakarta/servlet/FilterChain;)V+163
j  org.springframework.security.web.FilterChainProxy.doFilter(Ljakarta/servlet/ServletRequest;Ljakarta/servlet/ServletResponse;Ljakarta/servlet/FilterChain;)V+48
j  org.springframework.web.filter.DelegatingFilterProxy.invokeDelegate(Ljakarta/servlet/Filter;Ljakarta/servlet/ServletRequest;Ljakarta/servlet/ServletResponse;Ljakarta/servlet/FilterChain;)V+5
j  org.springframework.web.filter.DelegatingFilterProxy.doFilter(Ljakarta/servlet/ServletRequest;Ljakarta/servlet/ServletResponse;Ljakarta/servlet/FilterChain;)V+85
J 13543 c1 org.apache.catalina.core.ApplicationFilterChain.internalDoFilter(Ljakarta/servlet/ServletRequest;Ljakarta/servlet/ServletResponse;)V (391 bytes) @ 0x000001bd529b6a3c [0x000001bd529b6620+0x000000000000041c]
J 11180 c1 org.apache.catalina.core.ApplicationFilterChain.doFilter(Ljakarta/servlet/ServletRequest;Ljakarta/servlet/ServletResponse;)V (103 bytes) @ 0x000001bd526c6664 [0x000001bd526c65c0+0x00000000000000a4]
j  org.springframework.web.filter.RequestContextFilter.doFilterInternal(Ljakarta/servlet/http/HttpServletRequest;Ljakarta/servlet/http/HttpServletResponse;Ljakarta/servlet/FilterChain;)V+21
J 10947 c1 org.springframework.web.filter.OncePerRequestFilter.doFilter(Ljakarta/servlet/ServletRequest;Ljakarta/servlet/ServletResponse;Ljakarta/servlet/FilterChain;)V (178 bytes) @ 0x000001bd52637e1c [0x000001bd52636560+0x00000000000018bc]
J 13543 c1 org.apache.catalina.core.ApplicationFilterChain.internalDoFilter(Ljakarta/servlet/ServletRequest;Ljakarta/servlet/ServletResponse;)V (391 bytes) @ 0x000001bd529b6a3c [0x000001bd529b6620+0x000000000000041c]
J 11180 c1 org.apache.catalina.core.ApplicationFilterChain.doFilter(Ljakarta/servlet/ServletRequest;Ljakarta/servlet/ServletResponse;)V (103 bytes) @ 0x000001bd526c6664 [0x000001bd526c65c0+0x00000000000000a4]
j  org.springframework.web.filter.FormContentFilter.doFilterInternal(Ljakarta/servlet/http/HttpServletRequest;Ljakarta/servlet/http/HttpServletResponse;Ljakarta/servlet/FilterChain;)V+38
J 10947 c1 org.springframework.web.filter.OncePerRequestFilter.doFilter(Ljakarta/servlet/ServletRequest;Ljakarta/servlet/ServletResponse;Ljakarta/servlet/FilterChain;)V (178 bytes) @ 0x000001bd52637e1c [0x000001bd52636560+0x00000000000018bc]
J 13543 c1 org.apache.catalina.core.ApplicationFilterChain.internalDoFilter(Ljakarta/servlet/ServletRequest;Ljakarta/servlet/ServletResponse;)V (391 bytes) @ 0x000001bd529b6a3c [0x000001bd529b6620+0x000000000000041c]
J 11180 c1 org.apache.catalina.core.ApplicationFilterChain.doFilter(Ljakarta/servlet/ServletRequest;Ljakarta/servlet/ServletResponse;)V (103 bytes) @ 0x000001bd526c6664 [0x000001bd526c65c0+0x00000000000000a4]
j  org.springframework.web.filter.CharacterEncodingFilter.doFilterInternal(Ljakarta/servlet/http/HttpServletRequest;Ljakarta/servlet/http/HttpServletResponse;Ljakarta/servlet/FilterChain;)V+53
J 10947 c1 org.springframework.web.filter.OncePerRequestFilter.doFilter(Ljakarta/servlet/ServletRequest;Ljakarta/servlet/ServletResponse;Ljakarta/servlet/FilterChain;)V (178 bytes) @ 0x000001bd52637e1c [0x000001bd52636560+0x00000000000018bc]
J 13543 c1 org.apache.catalina.core.ApplicationFilterChain.internalDoFilter(Ljakarta/servlet/ServletRequest;Ljakarta/servlet/ServletResponse;)V (391 bytes) @ 0x000001bd529b6a3c [0x000001bd529b6620+0x000000000000041c]
J 11180 c1 org.apache.catalina.core.ApplicationFilterChain.doFilter(Ljakarta/servlet/ServletRequest;Ljakarta/servlet/ServletResponse;)V (103 bytes) @ 0x000001bd526c6664 [0x000001bd526c65c0+0x00000000000000a4]
j  org.apache.catalina.core.StandardWrapperValve.invoke(Lorg/apache/catalina/connector/Request;Lorg/apache/catalina/connector/Response;)V+514
j  org.apache.catalina.core.StandardContextValve.invoke(Lorg/apache/catalina/connector/Request;Lorg/apache/catalina/connector/Response;)V+169
j  org.apache.catalina.authenticator.AuthenticatorBase.invoke(Lorg/apache/catalina/connector/Request;Lorg/apache/catalina/connector/Response;)V+218
j  org.apache.catalina.core.StandardHostValve.invoke(Lorg/apache/catalina/connector/Request;Lorg/apache/catalina/connector/Response;)V+131
j  org.apache.catalina.valves.ErrorReportValve.invoke(Lorg/apache/catalina/connector/Request;Lorg/apache/catalina/connector/Response;)V+6
j  org.apache.catalina.core.StandardEngineValve.invoke(Lorg/apache/catalina/connector/Request;Lorg/apache/catalina/connector/Response;)V+59
j  org.apache.catalina.connector.CoyoteAdapter.service(Lorg/apache/coyote/Request;Lorg/apache/coyote/Response;)V+187
j  org.apache.coyote.http11.Http11Processor.service(Lorg/apache/tomcat/util/net/SocketWrapperBase;)Lorg/apache/tomcat/util/net/AbstractEndpoint$Handler$SocketState;+785
j  org.apache.coyote.AbstractProcessorLight.process(Lorg/apache/tomcat/util/net/SocketWrapperBase;Lorg/apache/tomcat/util/net/SocketEvent;)Lorg/apache/tomcat/util/net/AbstractEndpoint$Handler$SocketState;+152
j  org.apache.coyote.AbstractProtocol$ConnectionHandler.process(Lorg/apache/tomcat/util/net/SocketWrapperBase;Lorg/apache/tomcat/util/net/SocketEvent;)Lorg/apache/tomcat/util/net/AbstractEndpoint$Handler$SocketState;+482
j  org.apache.tomcat.util.net.NioEndpoint$SocketProcessor.doRun()V+249
j  org.apache.tomcat.util.net.SocketProcessorBase.run()V+32
j  org.apache.tomcat.util.threads.ThreadPoolExecutor.runWorker(Lorg/apache/tomcat/util/threads/ThreadPoolExecutor$Worker;)V+92
j  org.apache.tomcat.util.threads.ThreadPoolExecutor$Worker.run()V+5
j  org.apache.tomcat.util.threads.TaskThread$WrappingRunnable.run()V+4
J 18468 c1 java.lang.Thread.run()V java.base@19.0.2 (19 bytes) @ 0x000001bd532c0f94 [0x000001bd532c0e40+0x0000000000000154]
v  ~StubRoutines::call_stub 0x000001bd587c100e

siginfo: EXCEPTION_ACCESS_VIOLATION (0xc0000005), reading address 0x000001bfa506bec8


Registers:
RAX=0x000001bd63f00000, RBX=0x000001bd4c26b600, RCX=0x0000000000000057, RDX=0x0000001208b5f657
RSP=0x00000096472fde40, RBP=0x00000096472fdfb0, RSI=0x000001bd7fe920b0, RDI=0x00000096486fb2b8
R8 =0x000001bfa506bec8, R9 =0x000001bd779e4038, R10=0x0000000000000003, R11=0x00000096472fe038
R12=0x000001bd7addd770, R13=0x000001bd7b7cdc80, R14=0x000001bd7fe92660, R15=0x0000000000000004
RIP=0x00007ff8eb1ce3e1, EFLAGS=0x0000000000010202


Register to memory mapping:

RIP=0x00007ff8eb1ce3e1 jvm.dll
RAX=0x000001bd63f00000 points into unknown readable memory: 0x0000000000000001 | 01 00 00 00 00 00 00 00
RBX=0x000001bd4c26b600 points into unknown readable memory: 0x00007ff8eb867b00 | 00 7b 86 eb f8 7f 00 00
RCX=0x0000000000000057 is an unknown value
RDX=0x0000001208b5f657 is an unknown value
RSP=0x00000096472fde40 points into unknown readable memory: 0x0000000000000003 | 03 00 00 00 00 00 00 00
RBP=0x00000096472fdfb0 points into unknown readable memory: 0x000001bd77087d30 | 30 7d 08 77 bd 01 00 00
RSI=0x000001bd7fe920b0 points into unknown readable memory: 0x0000009645cff1d0 | d0 f1 cf 45 96 00 00 00
RDI=0x00000096486fb2b8 is pointing into the stack for thread: 0x000001bd06f7ea00
R8 =0x000001bfa506bec8 is an unknown value
R9 =0x000001bd779e4038 is pointing into metadata
R10=0x0000000000000003 is an unknown value
R11=0x00000096472fe038 points into unknown readable memory: 0x00007ff8eb1a3442 | 42 34 1a eb f8 7f 00 00
R12=0x000001bd7addd770 points into unknown readable memory: 0x4c2800550b40ffff | ff ff 40 0b 55 00 28 4c
R13=0x000001bd7b7cdc80 points into unknown readable memory: 0x6e616c2e00000002 | 02 00 00 00 2e 6c 61 6e
R14=0x000001bd7fe92660 points into unknown readable memory: 0x00007ff8eb86a0c8 | c8 a0 86 eb f8 7f 00 00
R15=0x0000000000000004 is an unknown value


Top of Stack: (sp=0x00000096472fde40)
0x00000096472fde40:   0000000000000003 00007ff8eb644364
0x00000096472fde50:   0000000000000000 0000000000000004
0x00000096472fde60:   0000000000000001 00007ff8eb568b29
0x00000096472fde70:   000001bd7fe920b0 00007ff8eb1ce2d2
0x00000096472fde80:   00000096486fb2b8 0000000000000004
0x00000096472fde90:   000001bd73f340f8 0000000000000000
0x00000096472fdea0:   0000000000000000 00007ff8eb1a3b68
0x00000096472fdeb0:   00000096472fe140 00007ff8eba8a900
0x00000096472fdec0:   00000096472fe140 000001bd7fe92660
0x00000096472fded0:   0000000000000301 000001bd779e42d0
0x00000096472fdee0:   000001bd7b7d6820 000001bd0000000b
0x00000096472fdef0:   000001bd7ada2f80 000001bd7addd770
0x00000096472fdf00:   0000000000000063 0000000000000000
0x00000096472fdf10:   000001bd7fe92660 00007f0000000002
0x00000096472fdf20:   00000096472fe140 00000000000003d8
0x00000096472fdf30:   000001bd7ada2f90 000001bd7ada3368 

Instructions: (pc=0x00007ff8eb1ce3e1)
0x00007ff8eb1ce2e1:   00 48 8b 7c 24 30 48 83 c4 20 5b c3 cc cc cc 40
0x00007ff8eb1ce2f1:   57 48 83 ec 20 8b 02 48 8b f9 85 c0 74 3b 8b 0d
0x00007ff8eb1ce301:   a3 9d 85 00 48 8b 7f 10 48 89 5c 24 30 8b d8 48
0x00007ff8eb1ce311:   d3 e3 48 8b cf 48 03 1d 83 9d 85 00 48 8b d3 e8
0x00007ff8eb1ce321:   5b 00 00 00 84 c0 74 0c 48 8d 4f 18 48 8b d3 e8
0x00007ff8eb1ce331:   fb 08 00 00 48 8b 5c 24 30 48 83 c4 20 5f c3 e9
0x00007ff8eb1ce341:   1b 5c 00 00 cc cc cc cc cc cc cc cc cc cc cc e9
0x00007ff8eb1ce351:   7b 5f 00 00 cc cc cc cc cc cc cc cc cc cc cc 48
0x00007ff8eb1ce361:   8b 01 48 8b 80 80 05 00 00 48 8b 80 98 00 00 00
0x00007ff8eb1ce371:   c3 cc cc cc cc cc cc cc cc cc cc cc cc cc cc 48
0x00007ff8eb1ce381:   89 5c 24 08 48 89 74 24 10 57 48 83 ec 30 48 8b
0x00007ff8eb1ce391:   01 48 8b f1 4c 8b c2 48 8b fa 8b 88 10 03 00 00
0x00007ff8eb1ce3a1:   48 8b 80 00 03 00 00 49 d3 e8 41 80 3c 00 02 74
0x00007ff8eb1ce3b1:   60 48 8b 5e 10 48 8b cb 48 8b 03 ff 10 8b 4b 18
0x00007ff8eb1ce3c1:   48 8b d7 48 2b 53 08 48 8b 43 20 48 c1 ea 03 48
0x00007ff8eb1ce3d1:   d3 ea 48 8b ca 48 c1 e9 06 4c 8d 04 c8 0f b6 ca
0x00007ff8eb1ce3e1:   49 8b 00 80 e1 3f ba 01 00 00 00 48 d3 e2 48 8b
0x00007ff8eb1ce3f1:   c8 48 0b ca 48 3b c8 74 18 66 0f 1f 44 00 00 f0
0x00007ff8eb1ce401:   49 0f b1 08 74 1d 48 8b c8 48 0b ca 48 3b c8 75
0x00007ff8eb1ce411:   ee 32 c0 48 8b 5c 24 40 48 8b 74 24 48 48 83 c4
0x00007ff8eb1ce421:   30 5f c3 48 8b 06 48 8b d7 8b 88 10 03 00 00 48
0x00007ff8eb1ce431:   8b 80 00 03 00 00 48 d3 ea 80 3c 02 00 75 5d 48
0x00007ff8eb1ce441:   8b 07 48 8b 9e a8 05 00 00 0f b6 c8 80 e1 03 80
0x00007ff8eb1ce451:   f9 01 75 0f 48 b9 00 ff ff ff 7f 00 00 00 48 85
0x00007ff8eb1ce461:   c1 74 39 48 8b 53 20 48 89 7c 24 20 48 89 44 24
0x00007ff8eb1ce471:   28 48 3b 53 08 75 0a 48 8b cb e8 c0 65 f4 ff 33
0x00007ff8eb1ce481:   d2 48 8b 43 38 48 8b ca 0f 10 44 24 20 48 03 c9
0x00007ff8eb1ce491:   0f 11 04 c8 48 8d 42 01 48 89 43 20 80 3d 3d 6e
0x00007ff8eb1ce4a1:   8e 00 00 74 4b 48 85 ff 74 46 80 3d d9 b4 8c 00
0x00007ff8eb1ce4b1:   00 74 15 8b 47 08 8b 0d fb 9b 85 00 48 d3 e0 48
0x00007ff8eb1ce4c1:   03 05 e9 9b 85 00 eb 04 48 8b 47 08 48 3b 05 64
0x00007ff8eb1ce4d1:   35 90 00 75 1b 48 8b cf e8 12 b3 02 00 84 c0 74 


Stack slot to memory mapping:
stack at sp + 0 slots: 0x0000000000000003 is an unknown value
stack at sp + 1 slots: 0x00007ff8eb644364 jvm.dll
stack at sp + 2 slots: 0x0 is NULL
stack at sp + 3 slots: 0x0000000000000004 is an unknown value
stack at sp + 4 slots: 0x0000000000000001 is an unknown value
stack at sp + 5 slots: 0x00007ff8eb568b29 jvm.dll
stack at sp + 6 slots: 0x000001bd7fe920b0 points into unknown readable memory: 0x0000009645cff1d0 | d0 f1 cf 45 96 00 00 00
stack at sp + 7 slots: 0x00007ff8eb1ce2d2 jvm.dll


---------------  P R O C E S S  ---------------

Threads class SMR info:
_java_thread_list=0x000001bd0136d950, length=22, elements={
0x000001bd7ac59de0, 0x000001bd7acb6010, 0x000001bd7acb7a60, 0x000001bd7acb8490,
0x000001bd7ace88b0, 0x000001bd7aced6f0, 0x000001bd7acef760, 0x000001bd7acd8410,
0x000001bd7acdb570, 0x000001bd7ae0dbd0, 0x000001bd7b048990, 0x000001bd7b08c7e0,
0x000001bd7b08ed40, 0x000001bd7ae0bbf0, 0x000001bd7d100520, 0x000001bd7d0fffd0,
0x000001bd7ae0d130, 0x000001bd7eabc180, 0x000001bd06f7ff40, 0x000001bd06f7e4b0,
0x000001bd06f7ea00, 0x000001bd06f83f00
}

Java Threads: ( => current thread )
  0x000001bd7ac59de0 JavaThread "Reference Handler" daemon [_thread_blocked, id=32668, stack(0x0000009645d00000,0x0000009645e00000)]
  0x000001bd7acb6010 JavaThread "Finalizer" daemon [_thread_blocked, id=20324, stack(0x0000009645e00000,0x0000009645f00000)]
  0x000001bd7acb7a60 JavaThread "Signal Dispatcher" daemon [_thread_blocked, id=7472, stack(0x0000009645f00000,0x0000009646000000)]
  0x000001bd7acb8490 JavaThread "Attach Listener" daemon [_thread_blocked, id=29120, stack(0x0000009646000000,0x0000009646100000)]
  0x000001bd7ace88b0 JavaThread "Service Thread" daemon [_thread_blocked, id=3124, stack(0x0000009646100000,0x0000009646200000)]
  0x000001bd7aced6f0 JavaThread "Monitor Deflation Thread" daemon [_thread_blocked, id=24912, stack(0x0000009646200000,0x0000009646300000)]
  0x000001bd7acef760 JavaThread "C2 CompilerThread0" daemon [_thread_blocked, id=14968, stack(0x0000009646300000,0x0000009646400000)]
  0x000001bd7acd8410 JavaThread "C1 CompilerThread0" daemon [_thread_blocked, id=16104, stack(0x0000009646400000,0x0000009646500000)]
  0x000001bd7acdb570 JavaThread "Sweeper thread" daemon [_thread_blocked, id=17988, stack(0x0000009646500000,0x0000009646600000)]
  0x000001bd7ae0dbd0 JavaThread "Common-Cleaner" daemon [_thread_blocked, id=24968, stack(0x0000009646600000,0x0000009646700000)]
  0x000001bd7b048990 JavaThread "JDWP Transport Listener: dt_socket" daemon [_thread_blocked, id=29092, stack(0x0000009646700000,0x0000009646800000)]
  0x000001bd7b08c7e0 JavaThread "JDWP Event Helper Thread" daemon [_thread_blocked, id=30040, stack(0x0000009646800000,0x0000009646900000)]
  0x000001bd7b08ed40 JavaThread "JDWP Command Reader" daemon [_thread_blocked, id=14744, stack(0x0000009646900000,0x0000009646a00000)]
  0x000001bd7ae0bbf0 JavaThread "Notification Thread" daemon [_thread_blocked, id=28256, stack(0x0000009646b00000,0x0000009646c00000)]
  0x000001bd7d100520 JavaThread "mysql-cj-abandoned-connection-cleanup" daemon [_thread_blocked, id=23136, stack(0x0000009647800000,0x0000009647900000)]
  0x000001bd7d0fffd0 JavaThread "Live Reload Server" daemon [_thread_in_native, id=11760, stack(0x0000009647c00000,0x0000009647d00000)]
  0x000001bd7ae0d130 JavaThread "DestroyJavaVM" [_thread_blocked, id=12436, stack(0x0000009645600000,0x0000009645700000)]
  0x000001bd7eabc180 JavaThread "File Watcher" daemon [_thread_blocked, id=33592, stack(0x0000009647600000,0x0000009647700000)]
  0x000001bd06f7ff40 JavaThread "File Watcher" daemon [_thread_blocked, id=2988, stack(0x0000009645500000,0x0000009645600000)]
  0x000001bd06f7e4b0 JavaThread "http-nio-8080-exec-3" daemon [_thread_blocked, id=27028, stack(0x0000009648500000,0x0000009648600000)]
  0x000001bd06f7ea00 JavaThread "http-nio-8080-exec-4" daemon [_thread_blocked, id=21960, stack(0x0000009648600000,0x0000009648700000)]
  0x000001bd06f83f00 JavaThread "Thread-77" [_thread_blocked, id=31688, stack(0x0000009645300000,0x0000009645400000)]

Other Threads:
  0x000001bd7ac3a710 VMThread "VM Thread" [stack: 0x0000009645c00000,0x0000009645d00000] [id=12372]
  0x000001bd4c1b7c90 WatcherThread "VM Periodic Task Thread" [stack: 0x0000009646c00000,0x0000009646d00000] [id=18176]
  0x000001bd4c26afd0 WorkerThread "GC Thread#0" [stack: 0x0000009645700000,0x0000009645800000] [id=7408]
  0x000001bd7bb623e0 WorkerThread "GC Thread#1" [stack: 0x0000009646d00000,0x0000009646e00000] [id=25508]
  0x000001bd7bc72b50 WorkerThread "GC Thread#2" [stack: 0x0000009646e00000,0x0000009646f00000] [id=30776]
  0x000001bd7b7bc530 WorkerThread "GC Thread#3" [stack: 0x0000009646f00000,0x0000009647000000] [id=25364]
  0x000001bd7b7bc800 WorkerThread "GC Thread#4" [stack: 0x0000009647000000,0x0000009647100000] [id=20360]
  0x000001bd7b7bcad0 WorkerThread "GC Thread#5" [stack: 0x0000009647100000,0x0000009647200000] [id=27036]
=>0x000001bd7b7d6820 WorkerThread "GC Thread#6" [stack: 0x0000009647200000,0x0000009647300000] [id=23944]
  0x000001bd7b7d7ea0 WorkerThread "GC Thread#7" [stack: 0x0000009647300000,0x0000009647400000] [id=20060]
  0x000001bd7b7d7090 WorkerThread "GC Thread#8" [stack: 0x0000009647400000,0x0000009647500000] [id=22144]
  0x000001bd7b7d6280 WorkerThread "GC Thread#9" [stack: 0x0000009647500000,0x0000009647600000] [id=11624]
  0x000001bd73e40ac0 ConcurrentGCThread "G1 Main Marker" [stack: 0x0000009645800000,0x0000009645900000] [id=3412]
  0x000001bd4c26d220 WorkerThread "G1 Conc#0" [stack: 0x0000009645900000,0x0000009645a00000] [id=2268]
  0x000001bd7b7d6dc0 WorkerThread "G1 Conc#1" [stack: 0x0000009647a00000,0x0000009647b00000] [id=23412]
  0x000001bd7b7d7630 WorkerThread "G1 Conc#2" [stack: 0x0000009647b00000,0x0000009647c00000] [id=15036]
  0x000001bd73edb220 ConcurrentGCThread "G1 Refine#0" [stack: 0x0000009645a00000,0x0000009645b00000] [id=23520]
  0x000001bd73edbd60 ConcurrentGCThread "G1 Service" [stack: 0x0000009645b00000,0x0000009645c00000] [id=20320]

Threads with active compile tasks:

VM state: at safepoint (normal execution)

VM Mutex/Monitor currently owned by a thread:  ([mutex/lock_event])
[0x000001bd4c1b2300] Threads_lock - owner thread: 0x000001bd7ac3a710
[0x000001bd4c1b1100] Heap_lock - owner thread: 0x000001bd06f83f00

Heap address: 0x0000000602c00000, size: 8148 MB, Compressed Oops mode: Zero based, Oop shift amount: 3

CDS archive(s) not mapped
Compressed class space mapped at: 0x0000000800000000-0x0000000840000000, reserved size: 1073741824
Narrow klass base: 0x0000000800000000, Narrow klass shift: 0, Narrow klass range: 0x40000000

GC Precious Log:
 CardTable entry size: 512
 Card Set container configuration: InlinePtr #cards 4 size 8 Array Of Cards #cards 32 size 80 Howl #buckets 8 coarsen threshold 7372 Howl Bitmap #cards 1024 size 144 coarsen threshold 921 Card regions per heap region 1 cards per card region 8192
 CPUs: 12 total, 12 available
 Memory: 32581M
 Large Page Support: Disabled
 NUMA Support: Disabled
 Compressed Oops: Enabled (Zero based)
 Heap Region Size: 4M
 Heap Min Capacity: 8M
 Heap Initial Capacity: 512M
 Heap Max Capacity: 8148M
 Pre-touch: Disabled
 Parallel Workers: 10
 Concurrent Workers: 3
 Concurrent Refinement Workers: 10
 Periodic GC: Disabled

Heap:
 garbage-first heap   total 208896K, used 132224K [0x0000000602c00000, 0x0000000800000000)
  region size 4096K, 22 young (90112K), 2 survivors (8192K)
 Metaspace       used 114130K, committed 115072K, reserved 1179648K
  class space    used 12901K, committed 13376K, reserved 1048576K

Heap Regions: E=young(eden), S=young(survivor), O=old, HS=humongous(starts), HC=humongous(continues), CS=collection set, F=free, OA=open archive, CA=closed archive, TAMS=top-at-mark-start (previous, next)
|   0|0x0000000602c00000, 0x0000000602fffff8, 0x0000000603000000| 99%| O|  |TAMS 0x0000000602fffff8, 0x0000000602c00000| Untracked 
|   1|0x0000000603000000, 0x0000000603400000, 0x0000000603400000|100%| O|  |TAMS 0x0000000603400000, 0x0000000603000000| Untracked 
|   2|0x0000000603400000, 0x00000006037fffe8, 0x0000000603800000| 99%| O|  |TAMS 0x00000006037fffe8, 0x0000000603400000| Untracked 
|   3|0x0000000603800000, 0x0000000603bfffb0, 0x0000000603c00000| 99%| O|  |TAMS 0x0000000603bfffb0, 0x0000000603800000| Untracked 
|   4|0x0000000603c00000, 0x0000000603fffff0, 0x0000000604000000| 99%| O|  |TAMS 0x0000000603fffff0, 0x0000000603c00000| Untracked 
|   5|0x0000000604000000, 0x00000006043ffdc0, 0x0000000604400000| 99%| O|  |TAMS 0x00000006043ffdc0, 0x0000000604000000| Untracked 
|   6|0x0000000604400000, 0x00000006047ffff8, 0x0000000604800000| 99%| O|  |TAMS 0x00000006047ffff8, 0x0000000604400000| Untracked 
|   7|0x0000000604800000, 0x0000000604bffff0, 0x0000000604c00000| 99%| O|  |TAMS 0x0000000604bffff0, 0x0000000604800000| Untracked 
|   8|0x0000000604c00000, 0x0000000604f604d8, 0x0000000605000000| 84%| O|  |TAMS 0x0000000604f604d8, 0x0000000604c00000| Untracked 
|   9|0x0000000605000000, 0x0000000605063400, 0x0000000605400000|  9%| O|  |TAMS 0x0000000605000000, 0x0000000605000000| Untracked 
|  10|0x0000000605400000, 0x0000000605800000, 0x0000000605800000|100%| O|  |TAMS 0x0000000605400000, 0x0000000605400000| Untracked 
|  11|0x0000000605800000, 0x0000000605c00000, 0x0000000605c00000|100%| O|  |TAMS 0x0000000605800000, 0x0000000605800000| Untracked 
|  12|0x0000000605c00000, 0x0000000606000000, 0x0000000606000000|100%| O|  |TAMS 0x0000000605c00000, 0x0000000605c00000| Untracked 
|  13|0x0000000606000000, 0x0000000606000000, 0x0000000606400000|  0%| F|  |TAMS 0x0000000606000000, 0x0000000606000000| Untracked 
|  14|0x0000000606400000, 0x0000000606400000, 0x0000000606800000|  0%| F|  |TAMS 0x0000000606400000, 0x0000000606400000| Untracked 
|  15|0x0000000606800000, 0x0000000606800000, 0x0000000606c00000|  0%| F|  |TAMS 0x0000000606800000, 0x0000000606800000| Untracked 
|  16|0x0000000606c00000, 0x0000000606c00000, 0x0000000607000000|  0%| F|  |TAMS 0x0000000606c00000, 0x0000000606c00000| Untracked 
|  17|0x0000000607000000, 0x0000000607000000, 0x0000000607400000|  0%| F|  |TAMS 0x0000000607000000, 0x0000000607000000| Untracked 
|  18|0x0000000607400000, 0x0000000607400000, 0x0000000607800000|  0%| F|  |TAMS 0x0000000607400000, 0x0000000607400000| Untracked 
|  19|0x0000000607800000, 0x0000000607800000, 0x0000000607c00000|  0%| F|  |TAMS 0x0000000607800000, 0x0000000607800000| Untracked 
|  20|0x0000000607c00000, 0x0000000607c00000, 0x0000000608000000|  0%| F|  |TAMS 0x0000000607c00000, 0x0000000607c00000| Untracked 
|  21|0x0000000608000000, 0x0000000608000000, 0x0000000608400000|  0%| F|  |TAMS 0x0000000608000000, 0x0000000608000000| Untracked 
|  22|0x0000000608400000, 0x0000000608400000, 0x0000000608800000|  0%| F|  |TAMS 0x0000000608400000, 0x0000000608400000| Untracked 
|  23|0x0000000608800000, 0x0000000608800000, 0x0000000608c00000|  0%| F|  |TAMS 0x0000000608800000, 0x0000000608800000| Untracked 
|  24|0x0000000608c00000, 0x0000000608c00000, 0x0000000609000000|  0%| F|  |TAMS 0x0000000608c00000, 0x0000000608c00000| Untracked 
|  25|0x0000000609000000, 0x000000060906fb90, 0x0000000609400000| 10%| S|  |TAMS 0x0000000609000000, 0x0000000609000000| Complete 
|  26|0x0000000609400000, 0x0000000609800000, 0x0000000609800000|100%| S|  |TAMS 0x0000000609400000, 0x0000000609400000| Complete 
|  27|0x0000000609800000, 0x0000000609800000, 0x0000000609c00000|  0%| F|  |TAMS 0x0000000609800000, 0x0000000609800000| Untracked 
|  28|0x0000000609c00000, 0x0000000609c00000, 0x000000060a000000|  0%| F|  |TAMS 0x0000000609c00000, 0x0000000609c00000| Untracked 
|  29|0x000000060a000000, 0x000000060a000000, 0x000000060a400000|  0%| F|  |TAMS 0x000000060a000000, 0x000000060a000000| Untracked 
|  30|0x000000060a400000, 0x000000060a400000, 0x000000060a800000|  0%| F|  |TAMS 0x000000060a400000, 0x000000060a400000| Untracked 
|  31|0x000000060a800000, 0x000000060a8ecf98, 0x000000060ac00000| 23%| E|  |TAMS 0x000000060a800000, 0x000000060a800000| Complete 
|  32|0x000000060ac00000, 0x000000060b000000, 0x000000060b000000|100%| E|  |TAMS 0x000000060ac00000, 0x000000060ac00000| Complete 
|  33|0x000000060b000000, 0x000000060b400000, 0x000000060b400000|100%| E|  |TAMS 0x000000060b000000, 0x000000060b000000| Complete 
|  34|0x000000060b400000, 0x000000060b800000, 0x000000060b800000|100%| E|  |TAMS 0x000000060b400000, 0x000000060b400000| Complete 
|  35|0x000000060b800000, 0x000000060bc00000, 0x000000060bc00000|100%| E|  |TAMS 0x000000060b800000, 0x000000060b800000| Complete 
|  36|0x000000060bc00000, 0x000000060c000000, 0x000000060c000000|100%| E|  |TAMS 0x000000060bc00000, 0x000000060bc00000| Complete 
|  37|0x000000060c000000, 0x000000060c400000, 0x000000060c400000|100%| E|  |TAMS 0x000000060c000000, 0x000000060c000000| Complete 
|  38|0x000000060c400000, 0x000000060c800000, 0x000000060c800000|100%| E|  |TAMS 0x000000060c400000, 0x000000060c400000| Complete 
|  39|0x000000060c800000, 0x000000060cc00000, 0x000000060cc00000|100%| E|  |TAMS 0x000000060c800000, 0x000000060c800000| Complete 
|  40|0x000000060cc00000, 0x000000060d000000, 0x000000060d000000|100%| E|  |TAMS 0x000000060cc00000, 0x000000060cc00000| Complete 
|  41|0x000000060d000000, 0x000000060d400000, 0x000000060d400000|100%| E|  |TAMS 0x000000060d000000, 0x000000060d000000| Complete 
|  42|0x000000060d400000, 0x000000060d800000, 0x000000060d800000|100%| E|  |TAMS 0x000000060d400000, 0x000000060d400000| Complete 
|  43|0x000000060d800000, 0x000000060dc00000, 0x000000060dc00000|100%| E|  |TAMS 0x000000060d800000, 0x000000060d800000| Complete 
|  44|0x000000060dc00000, 0x000000060e000000, 0x000000060e000000|100%| E|  |TAMS 0x000000060dc00000, 0x000000060dc00000| Complete 
|  45|0x000000060e000000, 0x000000060e400000, 0x000000060e400000|100%| E|  |TAMS 0x000000060e000000, 0x000000060e000000| Complete 
|  46|0x000000060e400000, 0x000000060e800000, 0x000000060e800000|100%| E|  |TAMS 0x000000060e400000, 0x000000060e400000| Complete 
|  47|0x000000060e800000, 0x000000060ec00000, 0x000000060ec00000|100%| E|  |TAMS 0x000000060e800000, 0x000000060e800000| Complete 
|  48|0x000000060ec00000, 0x000000060f000000, 0x000000060f000000|100%| E|  |TAMS 0x000000060ec00000, 0x000000060ec00000| Complete 
|  49|0x000000060f000000, 0x000000060f400000, 0x000000060f400000|100%| E|  |TAMS 0x000000060f000000, 0x000000060f000000| Complete 
|  50|0x000000060f400000, 0x000000060f800000, 0x000000060f800000|100%| E|  |TAMS 0x000000060f400000, 0x000000060f400000| Complete 

Card table byte_map: [0x000001bd61f20000,0x000001bd62f10000] _byte_map_base: 0x000001bd5ef0a000

Marking Bits (Prev, Next): (CMBitMap*) 0x000001bd4c26b640, (CMBitMap*) 0x000001bd4c26b600
 Prev Bits: [0x000001bd6be50000, 0x000001bd73da0000)
 Next Bits: [0x000001bd63f00000, 0x000001bd6be50000)

Polling page: 0x000001bd4c270000

Metaspace:

Usage:
  Non-class:     98.86 MB used.
      Class:     12.60 MB used.
       Both:    111.46 MB used.

Virtual space:
  Non-class space:      128.00 MB reserved,      99.31 MB ( 78%) committed,  2 nodes.
      Class space:        1.00 GB reserved,      13.06 MB (  1%) committed,  1 nodes.
             Both:        1.12 GB reserved,     112.38 MB ( 10%) committed. 

Chunk freelists:
   Non-Class:  540.00 KB
       Class:  2.91 MB
        Both:  3.43 MB

MaxMetaspaceSize: unlimited
CompressedClassSpaceSize: 1.00 GB
Initial GC threshold: 21.00 MB
Current GC threshold: 186.56 MB
CDS: off
MetaspaceReclaimPolicy: balanced
 - commit_granule_bytes: 65536.
 - commit_granule_words: 8192.
 - virtual_space_node_default_size: 8388608.
 - enlarge_chunks_in_place: 1.
 - new_chunks_are_fully_committed: 0.
 - uncommit_free_chunks: 1.
 - use_allocation_guard: 0.


Internal statistics:

num_allocs_failed_limit: 9.
num_arena_births: 1454.
num_arena_deaths: 404.
num_vsnodes_births: 3.
num_vsnodes_deaths: 0.
num_space_committed: 1798.
num_space_uncommitted: 0.
num_chunks_returned_to_freelist: 435.
num_chunks_taken_from_freelist: 5795.
num_chunk_merges: 97.
num_chunk_splits: 3766.
num_chunks_enlarged: 2869.
num_inconsistent_stats: 0.

CodeHeap 'non-profiled nmethods': size=120000Kb used=16205Kb max_used=16205Kb free=103794Kb
 bounds [0x000001bd58d60000, 0x000001bd59d40000, 0x000001bd60290000]
CodeHeap 'profiled nmethods': size=120000Kb used=35611Kb max_used=35611Kb free=84388Kb
 bounds [0x000001bd51290000, 0x000001bd53560000, 0x000001bd587c0000]
CodeHeap 'non-nmethods': size=5760Kb used=1565Kb max_used=1666Kb free=4194Kb
 bounds [0x000001bd587c0000, 0x000001bd58a30000, 0x000001bd58d60000]
 total_blobs=18106 nmethods=17345 adapters=669
 compilation: enabled
              stopped_count=0, restarted_count=0
 full_count=0

Compilation events (20 events):
Event: 9109.336 Thread 0x000001bd7acd8410 20857   !   3       com.mysql.cj.jdbc.ConnectionImpl::setReadOnly (20 bytes)
Event: 9109.336 Thread 0x000001bd7acd8410 nmethod 20857 0x000001bd53553a10 code [0x000001bd53553be0, 0x000001bd53553e88]
Event: 9109.336 Thread 0x000001bd7acd8410 20858       3       org.hibernate.query.sqm.sql.BaseSqmToSqlAstConverter::isRegisteringVisitedAssociationKeys (35 bytes)
Event: 9109.336 Thread 0x000001bd7acd8410 nmethod 20858 0x000001bd53554090 code [0x000001bd53554280, 0x000001bd53554998]
Event: 9109.336 Thread 0x000001bd7acd8410 20859       3       org.hibernate.FlushMode::level (60 bytes)
Event: 9109.336 Thread 0x000001bd7acd8410 nmethod 20859 0x000001bd53554c10 code [0x000001bd53554de0, 0x000001bd53555148]
Event: 9109.336 Thread 0x000001bd7acd8410 20860       3       org.hibernate.metamodel.mapping.internal.BasicEntityIdentifierMappingImpl::forEachDisassembledJdbcValue (19 bytes)
Event: 9109.337 Thread 0x000001bd7acd8410 nmethod 20860 0x000001bd53555290 code [0x000001bd53555440, 0x000001bd53555668]
Event: 9109.338 Thread 0x000001bd7acd8410 20861       3       org.hibernate.engine.internal.StatefulPersistenceContext::proxyFor (30 bytes)
Event: 9109.338 Thread 0x000001bd7acd8410 nmethod 20861 0x000001bd53555790 code [0x000001bd535559a0, 0x000001bd53555f78]
Event: 9109.339 Thread 0x000001bd7acd8410 20862       3       org.hibernate.sql.exec.internal.JdbcParameterImpl::<init> (6 bytes)
Event: 9109.339 Thread 0x000001bd7acd8410 nmethod 20862 0x000001bd53556210 code [0x000001bd535563c0, 0x000001bd535565f8]
Event: 9150.582 Thread 0x000001bd7acd8410 20863   !   3       java.util.concurrent.ThreadPoolExecutor::runWorker (187 bytes)
Event: 9150.584 Thread 0x000001bd7acd8410 nmethod 20863 0x000001bd53556710 code [0x000001bd53556a40, 0x000001bd53557f98]
Event: 9545.473 Thread 0x000001bd7acd8410 20864       3       org.springframework.core.ResolvableType::hasGenerics (14 bytes)
Event: 9545.473 Thread 0x000001bd7acd8410 nmethod 20864 0x000001bd53558810 code [0x000001bd535589c0, 0x000001bd53558be8]
Event: 9547.789 Thread 0x000001bd7acd8410 20866       3       java.util.concurrent.locks.AbstractQueuedSynchronizer$ExclusiveNode::<init> (5 bytes)
Event: 9547.789 Thread 0x000001bd7acd8410 nmethod 20866 0x000001bd53558c90 code [0x000001bd53558e40, 0x000001bd53558ff8]
Event: 9547.790 Thread 0x000001bd7acd8410 20867       3       org.apache.tomcat.util.threads.ThreadPoolExecutor$Worker::tryAcquire (20 bytes)
Event: 9547.790 Thread 0x000001bd7acd8410 nmethod 20867 0x000001bd53559110 code [0x000001bd535592c0, 0x000001bd53559508]

GC Heap History (20 events):
Event: 8973.434 GC heap after
{Heap after GC invocations=148 (full 16):
 garbage-first heap   total 139264K, used 44030K [0x0000000602c00000, 0x0000000800000000)
  region size 4096K, 1 young (4096K), 1 survivors (4096K)
 Metaspace       used 112453K, committed 113344K, reserved 1179648K
  class space    used 12753K, committed 13184K, reserved 1048576K
}
Event: 8973.954 GC heap before
{Heap before GC invocations=148 (full 16):
 garbage-first heap   total 139264K, used 105470K [0x0000000602c00000, 0x0000000800000000)
  region size 4096K, 16 young (65536K), 1 survivors (4096K)
 Metaspace       used 112879K, committed 113792K, reserved 1179648K
  class space    used 12788K, committed 13248K, reserved 1048576K
}
Event: 8973.956 GC heap after
{Heap after GC invocations=149 (full 16):
 garbage-first heap   total 139264K, used 47487K [0x0000000602c00000, 0x0000000800000000)
  region size 4096K, 2 young (8192K), 2 survivors (8192K)
 Metaspace       used 112879K, committed 113792K, reserved 1179648K
  class space    used 12788K, committed 13248K, reserved 1048576K
}
Event: 8974.092 GC heap before
{Heap before GC invocations=150 (full 16):
 garbage-first heap   total 139264K, used 104831K [0x0000000602c00000, 0x0000000800000000)
  region size 4096K, 16 young (65536K), 2 survivors (8192K)
 Metaspace       used 113164K, committed 114048K, reserved 1179648K
  class space    used 12807K, committed 13248K, reserved 1048576K
}
Event: 8974.094 GC heap after
{Heap after GC invocations=151 (full 16):
 garbage-first heap   total 139264K, used 49604K [0x0000000602c00000, 0x0000000800000000)
  region size 4096K, 2 young (8192K), 2 survivors (8192K)
 Metaspace       used 113164K, committed 114048K, reserved 1179648K
  class space    used 12807K, committed 13248K, reserved 1048576K
}
Event: 8974.106 GC heap before
{Heap before GC invocations=151 (full 16):
 garbage-first heap   total 139264K, used 53700K [0x0000000602c00000, 0x0000000800000000)
  region size 4096K, 3 young (12288K), 2 survivors (8192K)
 Metaspace       used 113164K, committed 114048K, reserved 1179648K
  class space    used 12807K, committed 13248K, reserved 1048576K
}
Event: 8974.109 GC heap after
{Heap after GC invocations=152 (full 16):
 garbage-first heap   total 139264K, used 50042K [0x0000000602c00000, 0x0000000800000000)
  region size 4096K, 1 young (4096K), 1 survivors (4096K)
 Metaspace       used 113164K, committed 114048K, reserved 1179648K
  class space    used 12807K, committed 13248K, reserved 1048576K
}
Event: 9070.861 GC heap before
{Heap before GC invocations=152 (full 16):
 garbage-first heap   total 139264K, used 91002K [0x0000000602c00000, 0x0000000800000000)
  region size 4096K, 12 young (49152K), 1 survivors (4096K)
 Metaspace       used 113171K, committed 114112K, reserved 1179648K
  class space    used 12807K, committed 13248K, reserved 1048576K
}
Event: 9070.923 GC heap after
{Heap after GC invocations=153 (full 17):
 garbage-first heap   total 139264K, used 38588K [0x0000000602c00000, 0x0000000800000000)
  region size 4096K, 0 young (0K), 0 survivors (0K)
 Metaspace       used 113162K, committed 114112K, reserved 1179648K
  class space    used 12806K, committed 13248K, reserved 1048576K
}
Event: 9071.336 GC heap before
{Heap before GC invocations=153 (full 17):
 garbage-first heap   total 139264K, used 108220K [0x0000000602c00000, 0x0000000800000000)
  region size 4096K, 17 young (69632K), 0 survivors (0K)
 Metaspace       used 113625K, committed 114560K, reserved 1179648K
  class space    used 12850K, committed 13312K, reserved 1048576K
}
Event: 9071.339 GC heap after
{Heap after GC invocations=154 (full 17):
 garbage-first heap   total 139264K, used 43626K [0x0000000602c00000, 0x0000000800000000)
  region size 4096K, 2 young (8192K), 2 survivors (8192K)
 Metaspace       used 113625K, committed 114560K, reserved 1179648K
  class space    used 12850K, committed 13312K, reserved 1048576K
}
Event: 9071.516 GC heap before
{Heap before GC invocations=155 (full 17):
 garbage-first heap   total 139264K, used 105066K [0x0000000602c00000, 0x0000000800000000)
  region size 4096K, 17 young (69632K), 2 survivors (8192K)
 Metaspace       used 114019K, committed 115008K, reserved 1179648K
  class space    used 12889K, committed 13376K, reserved 1048576K
}
Event: 9071.520 GC heap after
{Heap after GC invocations=156 (full 17):
 garbage-first heap   total 208896K, used 46162K [0x0000000602c00000, 0x0000000800000000)
  region size 4096K, 2 young (8192K), 2 survivors (8192K)
 Metaspace       used 114019K, committed 115008K, reserved 1179648K
  class space    used 12889K, committed 13376K, reserved 1048576K
}
Event: 9071.530 GC heap before
{Heap before GC invocations=156 (full 17):
 garbage-first heap   total 208896K, used 50258K [0x0000000602c00000, 0x0000000800000000)
  region size 4096K, 3 young (12288K), 2 survivors (8192K)
 Metaspace       used 114020K, committed 115008K, reserved 1179648K
  class space    used 12889K, committed 13376K, reserved 1048576K
}
Event: 9071.534 GC heap after
{Heap after GC invocations=157 (full 17):
 garbage-first heap   total 208896K, used 46897K [0x0000000602c00000, 0x0000000800000000)
  region size 4096K, 1 young (4096K), 1 survivors (4096K)
 Metaspace       used 114020K, committed 115008K, reserved 1179648K
  class space    used 12889K, committed 13376K, reserved 1048576K
}
Event: 9109.270 GC heap before
{Heap before GC invocations=157 (full 17):
 garbage-first heap   total 208896K, used 149297K [0x0000000602c00000, 0x0000000800000000)
  region size 4096K, 27 young (110592K), 1 survivors (4096K)
 Metaspace       used 114101K, committed 115008K, reserved 1179648K
  class space    used 12900K, committed 13376K, reserved 1048576K
}
Event: 9109.271 GC heap after
{Heap after GC invocations=158 (full 17):
 garbage-first heap   total 208896K, used 55110K [0x0000000602c00000, 0x0000000800000000)
  region size 4096K, 3 young (12288K), 3 survivors (12288K)
 Metaspace       used 114101K, committed 115008K, reserved 1179648K
  class space    used 12900K, committed 13376K, reserved 1048576K
}
Event: 9319.339 GC heap before
{Heap before GC invocations=158 (full 17):
 garbage-first heap   total 208896K, used 149318K [0x0000000602c00000, 0x0000000800000000)
  region size 4096K, 27 young (110592K), 3 survivors (12288K)
 Metaspace       used 114113K, committed 115072K, reserved 1179648K
  class space    used 12900K, committed 13376K, reserved 1048576K
}
Event: 9319.341 GC heap after
{Heap after GC invocations=159 (full 17):
 garbage-first heap   total 208896K, used 53452K [0x0000000602c00000, 0x0000000800000000)
  region size 4096K, 2 young (8192K), 2 survivors (8192K)
 Metaspace       used 114113K, committed 115072K, reserved 1179648K
  class space    used 12900K, committed 13376K, reserved 1048576K
}
Event: 9552.795 GC heap before
{Heap before GC invocations=159 (full 17):
 garbage-first heap   total 208896K, used 131276K [0x0000000602c00000, 0x0000000800000000)
  region size 4096K, 22 young (90112K), 2 survivors (8192K)
 Metaspace       used 114130K, committed 115072K, reserved 1179648K
  class space    used 12901K, committed 13376K, reserved 1048576K
}

Dll operation events (12 events):
Event: 0.006 Loaded shared library C:\Users\09269322\.p2\pool\plugins\org.eclipse.justj.openjdk.hotspot.jre.full.win32.x86_64_19.0.2.v20230129-1123\jre\bin\java.dll
Event: 0.010 Loaded shared library C:\Users\09269322\.p2\pool\plugins\org.eclipse.justj.openjdk.hotspot.jre.full.win32.x86_64_19.0.2.v20230129-1123\jre\bin\zip.dll
Event: 0.210 Loaded shared library C:\Users\09269322\.p2\pool\plugins\org.eclipse.justj.openjdk.hotspot.jre.full.win32.x86_64_19.0.2.v20230129-1123\jre\bin\instrument.dll
Event: 0.218 Loaded shared library C:\Users\09269322\.p2\pool\plugins\org.eclipse.justj.openjdk.hotspot.jre.full.win32.x86_64_19.0.2.v20230129-1123\jre\bin\net.dll
Event: 0.219 Loaded shared library C:\Users\09269322\.p2\pool\plugins\org.eclipse.justj.openjdk.hotspot.jre.full.win32.x86_64_19.0.2.v20230129-1123\jre\bin\nio.dll
Event: 0.223 Loaded shared library C:\Users\09269322\.p2\pool\plugins\org.eclipse.justj.openjdk.hotspot.jre.full.win32.x86_64_19.0.2.v20230129-1123\jre\bin\zip.dll
Event: 0.316 Loaded shared library C:\Users\09269322\.p2\pool\plugins\org.eclipse.justj.openjdk.hotspot.jre.full.win32.x86_64_19.0.2.v20230129-1123\jre\bin\jimage.dll
Event: 0.347 Loaded shared library C:\Users\09269322\.p2\pool\plugins\org.eclipse.justj.openjdk.hotspot.jre.full.win32.x86_64_19.0.2.v20230129-1123\jre\bin\verify.dll
Event: 0.589 Loaded shared library C:\Users\09269322\.p2\pool\plugins\org.eclipse.justj.openjdk.hotspot.jre.full.win32.x86_64_19.0.2.v20230129-1123\jre\bin\management.dll
Event: 0.591 Loaded shared library C:\Users\09269322\.p2\pool\plugins\org.eclipse.justj.openjdk.hotspot.jre.full.win32.x86_64_19.0.2.v20230129-1123\jre\bin\management_ext.dll
Event: 2.518 Loaded shared library C:\Users\09269322\.p2\pool\plugins\org.eclipse.justj.openjdk.hotspot.jre.full.win32.x86_64_19.0.2.v20230129-1123\jre\bin\sunmscapi.dll
Event: 3.176 Loaded shared library C:\Users\09269322\.p2\pool\plugins\org.eclipse.justj.openjdk.hotspot.jre.full.win32.x86_64_19.0.2.v20230129-1123\jre\bin\extnet.dll

Deoptimization events (20 events):
Event: 9547.790 Thread 0x000001bd06f7ef50 DEOPT PACKING pc=0x000001bd51da3f4c sp=0x0000009648afeec0
Event: 9547.790 Thread 0x000001bd06f7ef50 DEOPT UNPACKING pc=0x000001bd58827543 sp=0x0000009648afe360 mode 1
Event: 9547.790 Thread 0x000001bd06f7ef50 DEOPT PACKING pc=0x000001bd533bd99c sp=0x0000009648afef00
Event: 9547.790 Thread 0x000001bd06f7ef50 DEOPT UNPACKING pc=0x000001bd58827543 sp=0x0000009648afe3c0 mode 1
Event: 9552.792 Thread 0x000001bd7d106a10 Uncommon trap: trap_request=0xffffff97 fr.pc=0x000001bd598d3868 relative=0x0000000000003568
Event: 9552.792 Thread 0x000001bd7d106a10 Uncommon trap: reason=unhandled action=none pc=0x000001bd598d3868 method=java.util.concurrent.locks.AbstractQueuedSynchronizer$ConditionObject.await()V @ 175 c2
Event: 9552.792 Thread 0x000001bd7d106a10 DEOPT PACKING pc=0x000001bd598d3868 sp=0x0000009647fff520
Event: 9552.792 Thread 0x000001bd7d106a10 DEOPT UNPACKING pc=0x000001bd58826da3 sp=0x0000009647fff3d0 mode 2
Event: 9552.792 Thread 0x000001bd7d102a50 DEOPT PACKING pc=0x000001bd523923e4 sp=0x00000096480ff1f0
Event: 9552.792 Thread 0x000001bd7d102a50 DEOPT UNPACKING pc=0x000001bd58827543 sp=0x00000096480fe720 mode 1
Event: 9552.792 Thread 0x000001bd7d102a50 DEOPT PACKING pc=0x000001bd598d2508 sp=0x00000096480ff2f0
Event: 9552.792 Thread 0x000001bd7d102a50 DEOPT UNPACKING pc=0x000001bd58827543 sp=0x00000096480fe728 mode 1
Event: 9552.792 Thread 0x000001bd06f849a0 DEOPT PACKING pc=0x000001bd598bf3d4 sp=0x00000096481ff3a0
Event: 9552.792 Thread 0x000001bd06f849a0 DEOPT UNPACKING pc=0x000001bd58827543 sp=0x00000096481fe818 mode 1
Event: 9552.793 Thread 0x000001bd7d1064c0 Uncommon trap: trap_request=0xffffff97 fr.pc=0x000001bd598c5354 relative=0x0000000000001194
Event: 9552.793 Thread 0x000001bd7d1064c0 Uncommon trap: reason=unhandled action=none pc=0x000001bd598c5354 method=java.util.concurrent.locks.AbstractQueuedSynchronizer$ConditionObject.awaitNanos(J)J @ 164 c2
Event: 9552.793 Thread 0x000001bd7d1064c0 DEOPT PACKING pc=0x000001bd598c5354 sp=0x0000009646aff3e0
Event: 9552.793 Thread 0x000001bd7d1064c0 DEOPT UNPACKING pc=0x000001bd58826da3 sp=0x0000009646aff388 mode 2
Event: 9552.794 Thread 0x000001bd7d1064c0 DEOPT PACKING pc=0x000001bd598d1340 sp=0x0000009646aff480
Event: 9552.794 Thread 0x000001bd7d1064c0 DEOPT UNPACKING pc=0x000001bd58827543 sp=0x0000009646afe8b8 mode 1

Classes loaded (20 events):
Event: 4892.527 Loading class com/sun/crypto/provider/GaloisCounterMode$GCMEncrypt
Event: 4892.527 Loading class com/sun/crypto/provider/GaloisCounterMode$GCMEncrypt done
Event: 4892.527 Loading class com/sun/crypto/provider/GaloisCounterMode$EncryptOp
Event: 4892.528 Loading class com/sun/crypto/provider/GaloisCounterMode$EncryptOp done
Event: 4892.529 Loading class javax/net/ssl/SSLEngineResult$HandshakeStatus
Event: 4892.529 Loading class javax/net/ssl/SSLEngineResult$HandshakeStatus done
Event: 4892.529 Loading class jdk/internal/event/TLSHandshakeEvent
Event: 4892.529 Loading class jdk/internal/event/TLSHandshakeEvent done
Event: 4892.676 Loading class sun/security/ssl/PostHandshakeContext
Event: 4892.677 Loading class sun/security/ssl/PostHandshakeContext done
Event: 4892.679 Loading class sun/security/ssl/NewSessionTicket$T13NewSessionTicketMessage
Event: 4892.679 Loading class sun/security/ssl/NewSessionTicket$NewSessionTicketMessage
Event: 4892.680 Loading class sun/security/ssl/NewSessionTicket$NewSessionTicketMessage done
Event: 4892.680 Loading class sun/security/ssl/NewSessionTicket$T13NewSessionTicketMessage done
Event: 4893.766 Loading class sun/security/ssl/Alert
Event: 4893.766 Loading class sun/security/ssl/Alert done
Event: 4893.766 Loading class sun/security/ssl/Alert$AlertConsumer
Event: 4893.766 Loading class sun/security/ssl/Alert$AlertConsumer done
Event: 4893.766 Loading class sun/security/ssl/Alert$Level
Event: 4893.766 Loading class sun/security/ssl/Alert$Level done

Classes unloaded (20 events):
Event: 8620.067 Thread 0x000001bd7ac3a710 Unloading class 0x00000008001b9400 'java/lang/invoke/LambdaForm$MH+0x00000008001b9400'
Event: 8620.067 Thread 0x000001bd7ac3a710 Unloading class 0x00000008001b9000 'java/lang/invoke/LambdaForm$MH+0x00000008001b9000'
Event: 8620.067 Thread 0x000001bd7ac3a710 Unloading class 0x00000008001b8c00 'java/lang/invoke/LambdaForm$MH+0x00000008001b8c00'
Event: 8620.067 Thread 0x000001bd7ac3a710 Unloading class 0x00000008001b8400 'java/lang/invoke/LambdaForm$MH+0x00000008001b8400'
Event: 8620.067 Thread 0x000001bd7ac3a710 Unloading class 0x00000008001b8000 'java/lang/invoke/LambdaForm$MH+0x00000008001b8000'
Event: 8620.067 Thread 0x000001bd7ac3a710 Unloading class 0x00000008001b5400 'java/lang/invoke/LambdaForm$MH+0x00000008001b5400'
Event: 8620.067 Thread 0x000001bd7ac3a710 Unloading class 0x000000080010e400 'java/lang/invoke/LambdaForm$MH+0x000000080010e400'
Event: 8620.067 Thread 0x000001bd7ac3a710 Unloading class 0x000000080010d400 'java/lang/invoke/LambdaForm$MH+0x000000080010d400'
Event: 8620.067 Thread 0x000001bd7ac3a710 Unloading class 0x000000080010d000 'java/lang/invoke/LambdaForm$MH+0x000000080010d000'
Event: 8620.067 Thread 0x000001bd7ac3a710 Unloading class 0x000000080010c800 'java/lang/invoke/LambdaForm$MH+0x000000080010c800'
Event: 8620.067 Thread 0x000001bd7ac3a710 Unloading class 0x000000080010c000 'java/lang/invoke/LambdaForm$MH+0x000000080010c000'
Event: 8620.067 Thread 0x000001bd7ac3a710 Unloading class 0x00000008000d9400 'java/lang/invoke/LambdaForm$MH+0x00000008000d9400'
Event: 8927.292 Thread 0x000001bd7ac3a710 Unloading class 0x0000000800ae9800 'java/lang/invoke/LambdaForm$DMH+0x0000000800ae9800'
Event: 8938.793 Thread 0x000001bd7ac3a710 Unloading class 0x0000000800994800 'jdk/internal/reflect/GeneratedSerializationConstructorAccessor15'
Event: 8938.793 Thread 0x000001bd7ac3a710 Unloading class 0x0000000800a3c000 'org/apache/catalina/loader/JdbcLeakPrevention'
Event: 8946.268 Thread 0x000001bd7ac3a710 Unloading class 0x0000000800454800 'jdk/internal/reflect/GeneratedSerializationConstructorAccessor16'
Event: 8946.268 Thread 0x000001bd7ac3a710 Unloading class 0x00000008004bc800 'org/apache/catalina/loader/JdbcLeakPrevention'
Event: 9070.882 Thread 0x000001bd7ac3a710 Unloading class 0x0000000800cfc000 'jdk/internal/reflect/GeneratedSerializationConstructorAccessor17'
Event: 9070.882 Thread 0x000001bd7ac3a710 Unloading class 0x0000000800ce8800 'org/apache/catalina/loader/JdbcLeakPrevention'
Event: 9070.882 Thread 0x000001bd7ac3a710 Unloading class 0x0000000800438800 'org/apache/catalina/loader/JdbcLeakPrevention'

Classes redefined (20 events):
Event: 427.418 Thread 0x000001bd7ac3a710 redefined class name=com.VotingManagementSystem.repositories.ElectionRepository, count=1
Event: 3818.729 Thread 0x000001bd7ac3a710 redefined class name=com.VotingManagementSystem.services.Impl.VotesCounterServiceImpl, count=1
Event: 3818.729 Thread 0x000001bd7ac3a710 redefined class name=com.VotingManagementSystem.services.Impl.VotesCounterServiceImpl, count=1
Event: 3818.729 Thread 0x000001bd7ac3a710 redefined class name=com.VotingManagementSystem.services.Impl.VotesCounterServiceImpl, count=1
Event: 3818.729 Thread 0x000001bd7ac3a710 redefined class name=com.VotingManagementSystem.services.Impl.VotesCounterServiceImpl, count=1
Event: 4252.615 Thread 0x000001bd7ac3a710 redefined class name=com.VotingManagementSystem.services.Impl.VotesCounterServiceImpl, count=1
Event: 4252.615 Thread 0x000001bd7ac3a710 redefined class name=com.VotingManagementSystem.services.Impl.VotesCounterServiceImpl, count=1
Event: 4252.615 Thread 0x000001bd7ac3a710 redefined class name=com.VotingManagementSystem.services.Impl.VotesCounterServiceImpl, count=2
Event: 4252.615 Thread 0x000001bd7ac3a710 redefined class name=com.VotingManagementSystem.services.Impl.VotesCounterServiceImpl, count=2
Event: 4252.615 Thread 0x000001bd7ac3a710 redefined class name=com.VotingManagementSystem.services.Impl.VotesCounterServiceImpl, count=2
Event: 4252.615 Thread 0x000001bd7ac3a710 redefined class name=com.VotingManagementSystem.services.Impl.VotesCounterServiceImpl, count=1
Event: 4252.615 Thread 0x000001bd7ac3a710 redefined class name=com.VotingManagementSystem.services.Impl.VotesCounterServiceImpl, count=2
Event: 7056.484 Thread 0x000001bd7ac3a710 redefined class name=com.VotingManagementSystem.services.Impl.UserServiceImpl, count=1
Event: 7056.484 Thread 0x000001bd7ac3a710 redefined class name=com.VotingManagementSystem.services.Impl.UserServiceImpl, count=1
Event: 7056.484 Thread 0x000001bd7ac3a710 redefined class name=com.VotingManagementSystem.services.Impl.UserServiceImpl, count=1
Event: 7056.484 Thread 0x000001bd7ac3a710 redefined class name=com.VotingManagementSystem.services.Impl.UserServiceImpl, count=1
Event: 7056.484 Thread 0x000001bd7ac3a710 redefined class name=com.VotingManagementSystem.services.Impl.UserServiceImpl, count=1
Event: 7056.484 Thread 0x000001bd7ac3a710 redefined class name=com.VotingManagementSystem.services.Impl.UserServiceImpl, count=1
Event: 7056.484 Thread 0x000001bd7ac3a710 redefined class name=com.VotingManagementSystem.services.Impl.UserServiceImpl, count=1
Event: 7056.484 Thread 0x000001bd7ac3a710 redefined class name=com.VotingManagementSystem.services.Impl.UserServiceImpl, count=1

Internal exceptions (20 events):
Event: 9071.135 Thread 0x000001bd7d102fa0 Exception <a 'java/lang/NoClassDefFoundError'{0x00000006095ba3e8}: liquibase/integration/spring/SpringLiquibase> (0x00000006095ba3e8) 
thrown [s\src\hotspot\share\oops\constantPool.cpp, line 837]
Event: 9071.137 Thread 0x000001bd7d102fa0 Exception <a 'java/lang/NoClassDefFoundError'{0x000000060961dc70}: org/jooq/DSLContext> (0x000000060961dc70) 
thrown [s\src\hotspot\share\oops\constantPool.cpp, line 837]
Event: 9071.138 Thread 0x000001bd7d102fa0 Exception <a 'java/lang/NoClassDefFoundError'{0x000000060962ddf0}: org/springframework/batch/core/repository/JobRepository> (0x000000060962ddf0) 
thrown [s\src\hotspot\share\oops\constantPool.cpp, line 837]
Event: 9071.138 Thread 0x000001bd7d102fa0 Exception <a 'java/lang/NoClassDefFoundError'{0x000000060962e448}: org/quartz/Scheduler> (0x000000060962e448) 
thrown [s\src\hotspot\share\oops\constantPool.cpp, line 837]
Event: 9071.138 Thread 0x000001bd7d102fa0 Exception <a 'java/lang/NoClassDefFoundError'{0x000000060962eac8}: org/springframework/session/jdbc/JdbcIndexedSessionRepository> (0x000000060962eac8) 
thrown [s\src\hotspot\share\oops\constantPool.cpp, line 837]
Event: 9071.148 Thread 0x000001bd7d102fa0 Implicit null exception at 0x000001bd59ce2885 to 0x000001bd59ce3448
Event: 9071.163 Thread 0x000001bd7d102fa0 Exception <a 'sun/nio/fs/WindowsException'{0x0000000608e58200}> (0x0000000608e58200) 
thrown [s\src\hotspot\share\prims\jni.cpp, line 517]
Event: 9071.163 Thread 0x000001bd7d102fa0 Exception <a 'sun/nio/fs/WindowsException'{0x0000000608e58928}> (0x0000000608e58928) 
thrown [s\src\hotspot\share\prims\jni.cpp, line 517]
Event: 9071.163 Thread 0x000001bd7d102fa0 Exception <a 'sun/nio/fs/WindowsException'{0x0000000608e59020}> (0x0000000608e59020) 
thrown [s\src\hotspot\share\prims\jni.cpp, line 517]
Event: 9071.172 Thread 0x000001bd7d102fa0 Exception <a 'java/io/FileNotFoundException'{0x0000000608e90198}> (0x0000000608e90198) 
thrown [s\src\hotspot\share\prims\jni.cpp, line 517]
Event: 9071.199 Thread 0x000001bd7d102fa0 Exception <a 'sun/nio/fs/WindowsException'{0x000000060855d840}> (0x000000060855d840) 
thrown [s\src\hotspot\share\prims\jni.cpp, line 517]
Event: 9071.351 Thread 0x000001bd7d102fa0 Exception <a 'java/io/FileNotFoundException'{0x000000060b3671c0}> (0x000000060b3671c0) 
thrown [s\src\hotspot\share\prims\jni.cpp, line 517]
Event: 9071.437 Thread 0x000001bd7d102fa0 Implicit null exception at 0x000001bd58ebc08c to 0x000001bd58ec255c
Event: 9071.439 Thread 0x000001bd7d102fa0 Implicit null exception at 0x000001bd5983cc00 to 0x000001bd598420a8
Event: 9071.440 Thread 0x000001bd7d102fa0 Implicit null exception at 0x000001bd5968a680 to 0x000001bd5968a99c
Event: 9071.456 Thread 0x000001bd7d102fa0 Exception <a 'java/io/FileNotFoundException'{0x0000000608d5bb20}> (0x0000000608d5bb20) 
thrown [s\src\hotspot\share\prims\jni.cpp, line 517]
Event: 9071.456 Thread 0x000001bd7d102fa0 Exception <a 'java/io/FileNotFoundException'{0x0000000608d5cc78}> (0x0000000608d5cc78) 
thrown [s\src\hotspot\share\prims\jni.cpp, line 517]
Event: 9071.484 Thread 0x000001bd7d102fa0 Implicit null exception at 0x000001bd59cf4bc5 to 0x000001bd59cf5a0c
Event: 9071.514 Thread 0x000001bd7d102fa0 Exception <a 'sun/nio/fs/WindowsException'{0x0000000607b59310}> (0x0000000607b59310) 
thrown [s\src\hotspot\share\prims\jni.cpp, line 517]
Event: 9552.792 Thread 0x000001bd06f849a0 Exception <a 'java/lang/InterruptedException'{0x000000060a82d348}: sleep interrupted> (0x000000060a82d348) 
thrown [s\src\hotspot\share\prims\jvm.cpp, line 3103]

VM Operations (20 events):
Event: 9544.685 Executing VM operation: get/set locals done
Event: 9544.685 Executing VM operation: get/set locals
Event: 9544.685 Executing VM operation: get/set locals done
Event: 9544.685 Executing VM operation: get/set locals
Event: 9544.685 Executing VM operation: get/set locals done
Event: 9544.686 Executing VM operation: get/set locals
Event: 9544.686 Executing VM operation: get/set locals done
Event: 9544.686 Executing VM operation: get/set locals
Event: 9544.686 Executing VM operation: get/set locals done
Event: 9544.686 Executing VM operation: get/set locals
Event: 9544.686 Executing VM operation: get/set locals done
Event: 9544.686 Executing VM operation: get/set locals
Event: 9544.686 Executing VM operation: get/set locals done
Event: 9545.495 Executing VM operation: get/set locals
Event: 9545.496 Executing VM operation: get/set locals done
Event: 9547.812 Executing VM operation: get/set locals
Event: 9547.812 Executing VM operation: get/set locals done
Event: 9547.813 Executing VM operation: get/set locals
Event: 9547.813 Executing VM operation: get/set locals done
Event: 9552.795 Executing VM operation: G1CollectFull

Events (20 events):
Event: 9545.472 Thread 0x000001bd06f83f00 Thread added: 0x000001bd06f83f00
Event: 9545.472 Thread 0x000001bd06f819d0 Thread exited: 0x000001bd06f819d0
Event: 9545.482 Thread 0x000001bd06f829c0 Thread exited: 0x000001bd06f829c0
Event: 9547.789 Thread 0x000001bd06f82470 Thread exited: 0x000001bd06f82470
Event: 9547.790 Thread 0x000001bd06f7f4a0 Thread exited: 0x000001bd06f7f4a0
Event: 9547.790 Thread 0x000001bd06f7da10 Thread exited: 0x000001bd06f7da10
Event: 9547.790 Thread 0x000001bd06f84ef0 Thread exited: 0x000001bd06f84ef0
Event: 9547.790 Thread 0x000001bd06f7ef50 Thread exited: 0x000001bd06f7ef50
Event: 9547.790 Thread 0x000001bd06f809e0 Thread exited: 0x000001bd06f809e0
Event: 9547.790 Thread 0x000001bd06f84450 Thread exited: 0x000001bd06f84450
Event: 9547.790 Thread 0x000001bd06f80490 Thread exited: 0x000001bd06f80490
Event: 9547.790 Thread 0x000001bd06f81f20 Thread exited: 0x000001bd06f81f20
Event: 9552.792 Thread 0x000001bd7d106a10 Thread exited: 0x000001bd7d106a10
Event: 9552.792 Thread 0x000001bd7d102a50 Thread exited: 0x000001bd7d102a50
Event: 9552.792 Thread 0x000001bd06f849a0 Thread exited: 0x000001bd06f849a0
Event: 9552.793 Thread 0x000001bd06f82f10 Thread added: 0x000001bd06f82f10
Event: 9552.794 Thread 0x000001bd7d1064c0 Thread exited: 0x000001bd7d1064c0
Event: 9552.794 Thread 0x000001bd06f84450 Thread added: 0x000001bd06f84450
Event: 9552.794 Thread 0x000001bd06f84450 Thread exited: 0x000001bd06f84450
Event: 9552.795 Thread 0x000001bd06f82f10 Thread exited: 0x000001bd06f82f10


Dynamic libraries:
0x00007ff795740000 - 0x00007ff79574e000 	C:\Users\09269322\.p2\pool\plugins\org.eclipse.justj.openjdk.hotspot.jre.full.win32.x86_64_19.0.2.v20230129-1123\jre\bin\javaw.exe
0x00007ff9623d0000 - 0x00007ff9625c8000 	C:\WINDOWS\SYSTEM32\ntdll.dll
0x00007ff961a10000 - 0x00007ff961ad1000 	C:\WINDOWS\System32\KERNEL32.DLL
0x00007ff95ff20000 - 0x00007ff96021d000 	C:\WINDOWS\System32\KERNELBASE.dll
0x00007ff95fd30000 - 0x00007ff95fe30000 	C:\WINDOWS\System32\ucrtbase.dll
0x00007ff959cf0000 - 0x00007ff959d07000 	C:\Users\09269322\.p2\pool\plugins\org.eclipse.justj.openjdk.hotspot.jre.full.win32.x86_64_19.0.2.v20230129-1123\jre\bin\jli.dll
0x00007ff9560d0000 - 0x00007ff9560e9000 	C:\Users\09269322\.p2\pool\plugins\org.eclipse.justj.openjdk.hotspot.jre.full.win32.x86_64_19.0.2.v20230129-1123\jre\bin\VCRUNTIME140.dll
0x00007ff960c00000 - 0x00007ff960d9d000 	C:\WINDOWS\System32\USER32.dll
0x00007ff95fea0000 - 0x00007ff95fec2000 	C:\WINDOWS\System32\win32u.dll
0x00007ff949210000 - 0x00007ff9494aa000 	C:\WINDOWS\WinSxS\amd64_microsoft.windows.common-controls_6595b64144ccf1df_6.0.19041.4355_none_60b8b9eb71f62e16\COMCTL32.dll
0x00007ff961540000 - 0x00007ff96156b000 	C:\WINDOWS\System32\GDI32.dll
0x00007ff961610000 - 0x00007ff9616ae000 	C:\WINDOWS\System32\msvcrt.dll
0x00007ff960220000 - 0x00007ff960337000 	C:\WINDOWS\System32\gdi32full.dll
0x00007ff95fbe0000 - 0x00007ff95fc7d000 	C:\WINDOWS\System32\msvcp_win.dll
0x00007ff960da0000 - 0x00007ff960dcf000 	C:\WINDOWS\System32\IMM32.DLL
0x00007ff959d50000 - 0x00007ff959d5c000 	C:\Users\09269322\.p2\pool\plugins\org.eclipse.justj.openjdk.hotspot.jre.full.win32.x86_64_19.0.2.v20230129-1123\jre\bin\vcruntime140_1.dll
0x00007ff90a220000 - 0x00007ff90a2b1000 	C:\Users\09269322\.p2\pool\plugins\org.eclipse.justj.openjdk.hotspot.jre.full.win32.x86_64_19.0.2.v20230129-1123\jre\bin\msvcp140.dll
0x00007ff8eae90000 - 0x00007ff8ebb81000 	C:\Users\09269322\.p2\pool\plugins\org.eclipse.justj.openjdk.hotspot.jre.full.win32.x86_64_19.0.2.v20230129-1123\jre\bin\server\jvm.dll
0x00007ff961ae0000 - 0x00007ff961b90000 	C:\WINDOWS\System32\ADVAPI32.dll
0x00007ff961570000 - 0x00007ff961610000 	C:\WINDOWS\System32\sechost.dll
0x00007ff961cd0000 - 0x00007ff961df3000 	C:\WINDOWS\System32\RPCRT4.dll
0x00007ff95fbb0000 - 0x00007ff95fbd7000 	C:\WINDOWS\System32\bcrypt.dll
0x00007ff94c2c0000 - 0x00007ff94c2c9000 	C:\WINDOWS\SYSTEM32\WSOCK32.dll
0x00007ff95b430000 - 0x00007ff95b43a000 	C:\WINDOWS\SYSTEM32\VERSION.dll
0x00007ff948fd0000 - 0x00007ff948ff7000 	C:\WINDOWS\SYSTEM32\WINMM.dll
0x00007ff961c60000 - 0x00007ff961ccb000 	C:\WINDOWS\System32\WS2_32.dll
0x00007ff95e390000 - 0x00007ff95e3a2000 	C:\WINDOWS\SYSTEM32\kernel.appcore.dll
0x00007ff95c010000 - 0x00007ff95c01a000 	C:\Users\09269322\.p2\pool\plugins\org.eclipse.justj.openjdk.hotspot.jre.full.win32.x86_64_19.0.2.v20230129-1123\jre\bin\jimage.dll
0x00007ff95d530000 - 0x00007ff95d714000 	C:\WINDOWS\SYSTEM32\DBGHELP.DLL
0x00007ff955f10000 - 0x00007ff955f44000 	C:\WINDOWS\SYSTEM32\dbgcore.DLL
0x00007ff960340000 - 0x00007ff9603c2000 	C:\WINDOWS\System32\bcryptPrimitives.dll
0x00007ff945380000 - 0x00007ff9453bc000 	C:\Users\09269322\.p2\pool\plugins\org.eclipse.justj.openjdk.hotspot.jre.full.win32.x86_64_19.0.2.v20230129-1123\jre\bin\jdwp.dll
0x00007ff95bb40000 - 0x00007ff95bb4e000 	C:\Users\09269322\.p2\pool\plugins\org.eclipse.justj.openjdk.hotspot.jre.full.win32.x86_64_19.0.2.v20230129-1123\jre\bin\instrument.dll
0x00007ff959c50000 - 0x00007ff959c76000 	C:\Users\09269322\.p2\pool\plugins\org.eclipse.justj.openjdk.hotspot.jre.full.win32.x86_64_19.0.2.v20230129-1123\jre\bin\java.dll
0x00007ff955ce0000 - 0x00007ff955cf8000 	C:\Users\09269322\.p2\pool\plugins\org.eclipse.justj.openjdk.hotspot.jre.full.win32.x86_64_19.0.2.v20230129-1123\jre\bin\zip.dll
0x00007ff960dd0000 - 0x00007ff96153f000 	C:\WINDOWS\System32\SHELL32.dll
0x00007ff95d720000 - 0x00007ff95debf000 	C:\WINDOWS\SYSTEM32\windows.storage.dll
0x00007ff9616b0000 - 0x00007ff961a03000 	C:\WINDOWS\System32\combase.dll
0x00007ff95f2c0000 - 0x00007ff95f2ee000 	C:\WINDOWS\SYSTEM32\Wldp.dll
0x00007ff961b90000 - 0x00007ff961c5d000 	C:\WINDOWS\System32\OLEAUT32.dll
0x00007ff960940000 - 0x00007ff9609ed000 	C:\WINDOWS\System32\SHCORE.dll
0x00007ff960ba0000 - 0x00007ff960bf5000 	C:\WINDOWS\System32\shlwapi.dll
0x00007ff95f980000 - 0x00007ff95f9a4000 	C:\WINDOWS\SYSTEM32\profapi.dll
0x00007ff959c80000 - 0x00007ff959c8c000 	C:\Users\09269322\.p2\pool\plugins\org.eclipse.justj.openjdk.hotspot.jre.full.win32.x86_64_19.0.2.v20230129-1123\jre\bin\dt_socket.dll
0x00007ff95eda0000 - 0x00007ff95eddb000 	C:\WINDOWS\SYSTEM32\IPHLPAPI.DLL
0x00007ff95f0a0000 - 0x00007ff95f10a000 	C:\WINDOWS\system32\mswsock.dll
0x00007ff95ede0000 - 0x00007ff95eeaa000 	C:\WINDOWS\SYSTEM32\DNSAPI.dll
0x00007ff9608c0000 - 0x00007ff9608c8000 	C:\WINDOWS\System32\NSI.dll
0x00007ff9587f0000 - 0x00007ff9587fa000 	C:\Windows\System32\rasadhlp.dll
0x00007ff95c3e0000 - 0x00007ff95c460000 	C:\WINDOWS\System32\fwpuclnt.dll
0x00007ff955a40000 - 0x00007ff955a53000 	C:\Users\09269322\.p2\pool\plugins\org.eclipse.justj.openjdk.hotspot.jre.full.win32.x86_64_19.0.2.v20230129-1123\jre\bin\net.dll
0x00007ff959470000 - 0x00007ff95957d000 	C:\WINDOWS\SYSTEM32\WINHTTP.dll
0x00007ff955930000 - 0x00007ff955946000 	C:\Users\09269322\.p2\pool\plugins\org.eclipse.justj.openjdk.hotspot.jre.full.win32.x86_64_19.0.2.v20230129-1123\jre\bin\nio.dll
0x00007ff959cc0000 - 0x00007ff959cd0000 	C:\Users\09269322\.p2\pool\plugins\org.eclipse.justj.openjdk.hotspot.jre.full.win32.x86_64_19.0.2.v20230129-1123\jre\bin\verify.dll
0x00007ff959c40000 - 0x00007ff959c49000 	C:\Users\09269322\.p2\pool\plugins\org.eclipse.justj.openjdk.hotspot.jre.full.win32.x86_64_19.0.2.v20230129-1123\jre\bin\management.dll
0x00007ff957300000 - 0x00007ff95730b000 	C:\Users\09269322\.p2\pool\plugins\org.eclipse.justj.openjdk.hotspot.jre.full.win32.x86_64_19.0.2.v20230129-1123\jre\bin\management_ext.dll
0x00007ff962100000 - 0x00007ff962108000 	C:\WINDOWS\System32\PSAPI.DLL
0x00007ff95f300000 - 0x00007ff95f318000 	C:\WINDOWS\SYSTEM32\CRYPTSP.dll
0x00007ff95e9e0000 - 0x00007ff95ea14000 	C:\WINDOWS\system32\rsaenh.dll
0x00007ff95f930000 - 0x00007ff95f95e000 	C:\WINDOWS\SYSTEM32\USERENV.dll
0x00007ff95f230000 - 0x00007ff95f23c000 	C:\WINDOWS\SYSTEM32\CRYPTBASE.dll
0x00007ff95c270000 - 0x00007ff95c287000 	C:\WINDOWS\SYSTEM32\dhcpcsvc6.DLL
0x00007ff95c250000 - 0x00007ff95c26d000 	C:\WINDOWS\SYSTEM32\dhcpcsvc.DLL
0x00007ff959c20000 - 0x00007ff959c2e000 	C:\Users\09269322\.p2\pool\plugins\org.eclipse.justj.openjdk.hotspot.jre.full.win32.x86_64_19.0.2.v20230129-1123\jre\bin\sunmscapi.dll
0x00007ff95fa50000 - 0x00007ff95fbae000 	C:\WINDOWS\System32\CRYPT32.dll
0x00007ff95f470000 - 0x00007ff95f499000 	C:\WINDOWS\SYSTEM32\ncrypt.dll
0x00007ff95f430000 - 0x00007ff95f46b000 	C:\WINDOWS\SYSTEM32\NTASN1.dll
0x00007ff959060000 - 0x00007ff959068000 	C:\Users\09269322\.p2\pool\plugins\org.eclipse.justj.openjdk.hotspot.jre.full.win32.x86_64_19.0.2.v20230129-1123\jre\bin\extnet.dll
0x00007ff942a80000 - 0x00007ff942a87000 	C:\WINDOWS\system32\wshunix.dll
0x00007ff948f70000 - 0x00007ff948f87000 	C:\WINDOWS\system32\napinsp.dll
0x00007ff948f50000 - 0x00007ff948f6b000 	C:\WINDOWS\system32\pnrpnsp.dll
0x00007ff948f30000 - 0x00007ff948f45000 	C:\WINDOWS\system32\wshbth.dll
0x00007ff9599a0000 - 0x00007ff9599bd000 	C:\WINDOWS\system32\NLAapi.dll
0x00007ff948f10000 - 0x00007ff948f22000 	C:\WINDOWS\System32\winrnr.dll

dbghelp: loaded successfully - version: 4.0.5 - missing functions: none
symbol engine: initialized successfully - sym options: 0x614 - pdb path: .;C:\Users\09269322\.p2\pool\plugins\org.eclipse.justj.openjdk.hotspot.jre.full.win32.x86_64_19.0.2.v20230129-1123\jre\bin;C:\WINDOWS\SYSTEM32;C:\WINDOWS\WinSxS\amd64_microsoft.windows.common-controls_6595b64144ccf1df_6.0.19041.4355_none_60b8b9eb71f62e16;C:\Users\09269322\.p2\pool\plugins\org.eclipse.justj.openjdk.hotspot.jre.full.win32.x86_64_19.0.2.v20230129-1123\jre\bin\server

VM Arguments:
jvm_args: -XX:+ShowCodeDetailsInExceptionMessages -agentlib:jdwp=transport=dt_socket,suspend=y,address=localhost:64448 -javaagent:C:\Users\09269322\eclipse\jee-2022-03\eclipse\configuration\org.eclipse.osgi\1196\0\.cp\lib\javaagent-shaded.jar -Dfile.encoding=UTF-8 
java_command: com.VotingManagementSystem.VotingManagementSystemApplication
java_class_path (initial): C:\Users\09269322\Desktop\demo\votingSystem\Voting-Management-System-2.0\VotingServer\target\classes;C:\Users\09269322\.m2\repository\org\springframework\boot\spring-boot-starter-data-jpa\3.1.5\spring-boot-starter-data-jpa-3.1.5.jar;C:\Users\09269322\.m2\repository\org\springframework\boot\spring-boot-starter-aop\3.1.5\spring-boot-starter-aop-3.1.5.jar;C:\Users\09269322\.m2\repository\org\aspectj\aspectjweaver\1.9.20\aspectjweaver-1.9.20.jar;C:\Users\09269322\.m2\repository\org\springframework\boot\spring-boot-starter-jdbc\3.1.5\spring-boot-starter-jdbc-3.1.5.jar;C:\Users\09269322\.m2\repository\com\zaxxer\HikariCP\5.0.1\HikariCP-5.0.1.jar;C:\Users\09269322\.m2\repository\org\springframework\spring-jdbc\6.0.13\spring-jdbc-6.0.13.jar;C:\Users\09269322\.m2\repository\org\hibernate\orm\hibernate-core\6.2.13.Final\hibernate-core-6.2.13.Final.jar;C:\Users\09269322\.m2\repository\jakarta\persistence\jakarta.persistence-api\3.1.0\jakarta.persistence-api-3.1.0.jar;C:\Users\09269322\.m2\repository\jakarta\transaction\jakarta.transaction-api\2.0.1\jakarta.transaction-api-2.0.1.jar;C:\Users\09269322\.m2\repository\org\jboss\logging\jboss-logging\3.5.3.Final\jboss-logging-3.5.3.Final.jar;C:\Users\09269322\.m2\repository\org\hibernate\common\hibernate-commons-annotations\6.0.6.Final\hibernate-commons-annotations-6.0.6.Final.jar;C:\Users\09269322\.m2\repository\io\smallrye\jandex\3.0.5\jandex-3.0.5.jar;C:\Users\09269322\.m2\repository\com\fasterxml\classmate\1.5.1\classmate-1.5.1.jar;C:\Users\09269322\.m2\repository\net\bytebuddy\byte-buddy\1.14.9\byte-buddy-1.14.9.jar;C:\Users\09269322\.m2\repository\jakarta\inject\jakarta.inject-api\2.0.1\jakarta.inject-api-2.0.1.jar;C:\Users\09269322\.m2\repository\org\antlr\antlr4-runtime\4.10.1\antlr4-runtime-4.10.1.jar;C:\Users\09269322\.m2\repository\org\springframework\data\spring-data-jpa\3.1.5\spring-data-jpa-3.1.5.jar;C:\Users\09269322\.m2\repository\org\springframework\data\spring-data-commons\3.1.5\spring-data-commons-3.1.5.jar;C:\Users\09269322\.m2\repository\org\springframework\spring-orm\6.0.13\spring-orm-6.0.13.jar;C:\Users\09269322\.m2\repository\org\springframework\spring-context\6.0.13\spring-context-6.0.13.jar;C:\Users\09269322\.m2\repository\jakarta\annotation\jakarta.annotation-api\2.1.1\jakarta.annotation-api-2.1.1.jar;C:\Users\09269322\.m2\repository\org\slf4j\slf4j-api\2.0.9\slf4j-api-2.0.9.jar;C:\Users\09269322\.m2\repository\org\springframework\spring-aspects\6.0.13\spring-aspects-6.0.13.jar;C:\Users\09269322\.m2\repository\jakarta\mail\jakarta.mail-api\2.0.1\jakarta.mail-api-2.0.1.jar;C:\Users\09269322\.m2\repository\com\sun\mail\jakarta.mail\2.0.1\jakarta.mail-2.0.1.jar;C:\Users\09269322\.m2\repository\com\sun\activation\jakarta.activation\2.0.1\jakarta.activation-2.0.1.jar;C:\Users\09269322\.m2\repository\org\springframework\boot\spring-boot-starter-web\3.1.5\spring-boot-starter-web-3.1.5.jar;C:\Users\09269322\.m2\repository\org\springframework\boot\spring-boot-starter\3.1.5\spring-boot-starter-3.1.5.jar;C:\Users\09269322\.m2\repository\org\springframework\boot\spring-boot-starter-logging\3.1.5\spring-boot-starter-logging-3.1.5.jar;C:\Users\09269322\.m2\repository\ch\qos\logback\logback-classic\1.4.11\logback-classic-1.4.11.jar;C:\Users\09269322\.m2\repository\ch\qos\logback\logback-core\1.4.11\logback-core-1.4.11.jar;C:\Users\09269322\.m2\repository\org\apache\logging\log4j\log4j-to-slf4j\2.20.0\log4j-to-slf4j-2.20.0.jar;C:\Users\09269322\.m2\repository\org\apache\logging\log4j\log4j-api\2.20.0\log4j-api-2.20.0.jar;C:\Users\09269322\.m2\repository\org\slf4j\jul-to-slf4j\2.0.9\jul-to-slf4j-2.0.9.jar;C:\Users\09269322\.m2\repository\org\yaml\snakeyaml\1.33\snakeyaml-1.33.jar;C:\Users\09269322\.m2\repository\org\springframework\boot\spring-boot-starter-json\3.1.5\spring-boot-starter-json-3.1.5.jar;C:\Users\09269322\.m2\repository\com\fasterxml\jackson\datatype\jackson-datatype-jdk8\2.15.3\jackson-datatype-jdk8-2.15.3.jar;C:\Users\09269322\.m2\repository\com\fasterxml\jackson\datatype\jackson-datatype-jsr310\2.15.3\jackson-datatype-jsr310-2.15.3.jar;C:\Users\09269322\.m2\repository\com\fasterxml\jackson\module\jackson-module-parameter-names\2.15.3\jackson-module-parameter-names-2.15.3.jar;C:\Users\09269322\.m2\repository\org\springframework\boot\spring-boot-starter-tomcat\3.1.5\spring-boot-starter-tomcat-3.1.5.jar;C:\Users\09269322\.m2\repository\org\apache\tomcat\embed\tomcat-embed-core\10.1.15\tomcat-embed-core-10.1.15.jar;C:\Users\09269322\.m2\repository\org\apache\tomcat\embed\tomcat-embed-el\10.1.15\tomcat-embed-el-10.1.15.jar;C:\Users\09269322\.m2\repository\org\apache\tomcat\embed\tomcat-embed-websocket\10.1.15\tomcat-embed-websocket-10.1.15.jar;C:\Users\09269322\.m2\repository\org\springframework\spring-web\6.0.13\spring-web-6.0.13.jar;C:\Users\09269322\.m2\repository\io\micrometer\micrometer-observation\1.11.5\micrometer-observation-1.11.5.jar;C:\Users\09269322\.m2\repository\io\micrometer\micrometer-commons\1.11.5\micrometer-commons-1.11.5.jar;C:\Users\09269322\.m2\repository\org\springframework\spring-webmvc\6.0.13\spring-webmvc-6.0.13.jar;C:\Users\09269322\.m2\repository\org\springframework\spring-expression\6.0.13\spring-expression-6.0.13.jar;C:\Users\09269322\.m2\repository\org\springframework\boot\spring-boot-starter-security\3.1.5\spring-boot-starter-security-3.1.5.jar;C:\Users\09269322\.m2\repository\org\springframework\spring-aop\6.0.13\spring-aop-6.0.13.jar;C:\Users\09269322\.m2\repository\org\springframework\security\spring-security-config\6.1.5\spring-security-config-6.1.5.jar;C:\Users\09269322\.m2\repository\org\springframework\security\spring-security-core\6.1.5\spring-security-core-6.1.5.jar;C:\Users\09269322\.m2\repository\org\springframework\security\spring-security-crypto\6.1.5\spring-security-crypto-6.1.5.jar;C:\Users\09269322\.m2\repository\org\springframework\security\spring-security-web\6.1.5\spring-security-web-6.1.5.jar;C:\Users\09269322\.m2\repository\org\springframework\boot\spring-boot-devtools\3.1.5\spring-boot-devtools-3.1.5.jar;C:\Users\09269322\.m2\repository\org\springframework\boot\spring-boot\3.1.5\spring-boot-3.1.5.jar;C:\Users\09269322\.m2\repository\org\springframework\boot\spring-boot-autoconfigure\3.1.5\spring-boot-autoconfigure-3.1.5.jar;C:\Users\09269322\.m2\repository\io\jsonwebtoken\jjwt\0.9.1\jjwt-0.9.1.jar;C:\Users\09269322\.m2\repository\com\fasterxml\jackson\core\jackson-databind\2.15.3\jackson-databind-2.15.3.jar;C:\Users\09269322\.m2\repository\com\fasterxml\jackson\core\jackson-annotations\2.15.3\jackson-annotations-2.15.3.jar;C:\Users\09269322\.m2\repository\com\fasterxml\jackson\core\jackson-core\2.15.3\jackson-core-2.15.3.jar;C:\Users\09269322\.m2\repository\javax\javaee-api\8.0.1\javaee-api-8.0.1.jar;C:\Users\09269322\.m2\repository\com\sun\mail\javax.mail\1.6.2\javax.mail-1.6.2.jar;C:\Users\09269322\.m2\repository\javax\activation\activation\1.1\activation-1.1.jar;C:\Users\09269322\.m2\repository\org\springframework\boot\spring-boot-starter-mail\3.1.5\spring-boot-starter-mail-3.1.5.jar;C:\Users\09269322\.m2\repository\org\springframework\spring-context-support\6.0.13\spring-context-support-6.0.13.jar;C:\Users\09269322\.m2\repository\org\eclipse\angus\jakarta.mail\1.1.0\jakarta.mail-1.1.0.jar;C:\Users\09269322\.m2\repository\jakarta\activation\jakarta.activation-api\2.1.2\jakarta.activation-api-2.1.2.jar;C:\Users\09269322\.m2\repository\org\eclipse\angus\angus-activation\2.0.1\angus-activation-2.0.1.jar;C:\Users\09269322\.m2\repository\javax\xml\bind\jaxb-api\2.3.1\jaxb-api-2.3.1.jar;C:\Users\09269322\.m2\repository\javax\activation\javax.activation-api\1.2.0\javax.activation-api-1.2.0.jar;C:\Users\09269322\.m2\repository\org\glassfish\jaxb\jaxb-runtime\2.3.1\jaxb-runtime-2.3.1.jar;C:\Users\09269322\.m2\repository\org\glassfish\jaxb\txw2\4.0.3\txw2-4.0.3.jar;C:\Users\09269322\.m2\repository\com\sun\istack\istack-commons-runtime\4.1.2\istack-commons-runtime-4.1.2.jar;C:\Users\09269322\.m2\repository\org\jvnet\staxex\stax-ex\2.1.0\stax-ex-2.1.0.jar;C:\Users\09269322\.m2\repository\com\sun\xml\fastinfoset\FastInfoset\2.1.0\FastInfoset-2.1.0.jar;C:\Users\09269322\.m2\repository\com\mysql\mysql-connector-j\8.0.33\mysql-connector-j-8.0.33.jar;C:\Users\09269322\.m2\repository\org\projectlombok\lombok\1.18.30\lombok-1.18.30.jar;C:\Users\09269322\.m2\repository\jakarta\xml\bind\jakarta.xml.bind-api\4.0.1\jakarta.xml.bind-api-4.0.1.jar;C:\Users\09269322\.m2\repository\org\springframework\spring-core\6.0.13\spring-core-6.0.13.jar;C:\Users\09269322\.m2\repository\org\springframework\spring-jcl\6.0.13\spring-jcl-6.0.13.jar;C:\Users\09269322\.m2\repository\org\springframework\spring-tx\6.0.13\spring-tx-6.0.13.jar;C:\Users\09269322\.m2\repository\org\springframework\spring-beans\6.0.13\spring-beans-6.0.13.jar
Launcher Type: SUN_STANDARD

[Global flags]
     intx CICompilerCount                          = 4                                         {product} {ergonomic}
     uint ConcGCThreads                            = 3                                         {product} {ergonomic}
     uint G1ConcRefinementThreads                  = 10                                        {product} {ergonomic}
   size_t G1HeapRegionSize                         = 4194304                                   {product} {ergonomic}
    uintx GCDrainStackTargetSize                   = 64                                        {product} {ergonomic}
   size_t InitialHeapSize                          = 536870912                                 {product} {ergonomic}
   size_t MarkStackSize                            = 4194304                                   {product} {ergonomic}
   size_t MaxHeapSize                              = 8543797248                                {product} {ergonomic}
   size_t MaxNewSize                               = 5125439488                                {product} {ergonomic}
   size_t MinHeapDeltaBytes                        = 4194304                                   {product} {ergonomic}
   size_t MinHeapSize                              = 8388608                                   {product} {ergonomic}
    uintx NonNMethodCodeHeapSize                   = 5839372                                {pd product} {ergonomic}
    uintx NonProfiledCodeHeapSize                  = 122909434                              {pd product} {ergonomic}
    uintx ProfiledCodeHeapSize                     = 122909434                              {pd product} {ergonomic}
    uintx ReservedCodeCacheSize                    = 251658240                              {pd product} {ergonomic}
     bool SegmentedCodeCache                       = true                                      {product} {ergonomic}
     bool ShowCodeDetailsInExceptionMessages       = true                                   {manageable} {command line}
   size_t SoftMaxHeapSize                          = 8543797248                             {manageable} {ergonomic}
     bool UseCompressedClassPointers               = true                           {product lp64_product} {ergonomic}
     bool UseCompressedOops                        = true                           {product lp64_product} {ergonomic}
     bool UseG1GC                                  = true                                      {product} {ergonomic}
     bool UseLargePagesIndividualAllocation        = false                                  {pd product} {ergonomic}

Logging:
Log output configuration:
 #0: stdout all=warning uptime,level,tags foldmultilines=false
 #1: stderr all=off uptime,level,tags foldmultilines=false

Environment Variables:
JAVA_HOME=C:\Program Files\Java\jdk-11.0.18
PATH=C:\Users\09269322\.p2\pool\plugins\org.eclipse.justj.openjdk.hotspot.jre.full.win32.x86_64_19.0.2.v20230129-1123\jre\bin;C:/Users/09269322/.p2/pool/plugins/org.eclipse.justj.openjdk.hotspot.jre.full.win32.x86_64_19.0.2.v20230129-1123/jre/bin/server;C:/Users/09269322/.p2/pool/plugins/org.eclipse.justj.openjdk.hotspot.jre.full.win32.x86_64_19.0.2.v20230129-1123/jre/bin;C:\Program Files\Java\jdk-17.0.2\bin;C:\Users\09269322\AppData\Local\Programs\Python\Python312\Scripts\;C:\Users\09269322\AppData\Local\Programs\Python\Python312\;C:\Program Files (x86)\Common Files\Oracle\Java\javapath;C:\WINDOWS\system32;C:\WINDOWS;C:\WINDOWS\System32\Wbem;C:\WINDOWS\System32\WindowsPowerShell\v1.0\;C:\WINDOWS\System32\OpenSSH\;C:\Program Files\Microsoft SQL Server\Client SDK\ODBC\170\Tools\Binn\;C:\Program Files (x86)\Microsoft SQL Server\150\Tools\Binn\;C:\Program Files\Microsoft SQL Server\150\Tools\Binn\;C:\Program Files\Microsoft SQL Server\150\DTS\Binn\;C:\Program Files\Git\cmd;C:\Program Files (x86)\Microsoft SQL Server\160\DTS\Binn\;C:\Program Files\Azure Data Studio\bin;C:\apache-maven-3.8.6\bin;C:\ProgramData\chocolatey\bin;C:\Program Files\TortoiseSVN\bin;C:\Users\09269322\AppData\Roaming\nvm;C:\Program Files\nodejs;C:\Program Files\Docker\Docker\resources\bin;C:\wamp64\bin\php\php8.1.0;C:\composer;C:\Users\09269322\AppData\Local\Programs\Python\Python312\Scripts\;C:\Users\09269322\AppData\Local\Programs\Python\Python312\;C:\Users\09269322\AppData\Local\Microsoft\WindowsApps;C:\Users\09269322\AppData\Local\Programs\Microsoft VS Code\bin;C:\Program Files\Azure Data Studio\bin;C:\Users\09269322\AppData\Roaming\npm;C:\Users\09269322\AppData\Roaming\nvm;C:\Program Files\nodejs;C:\Users\09269322\AppData\Roaming\Composer\vendor\bin;;C:\WINDOWS\system32;
USERNAME=09269322
OS=Windows_NT
PROCESSOR_IDENTIFIER=Intel64 Family 6 Model 165 Stepping 5, GenuineIntel
TMP=C:\Users\09269322\AppData\Local\Temp
TEMP=C:\Users\09269322\AppData\Local\Temp



---------------  S Y S T E M  ---------------

OS:
 Windows 10 , 64 bit Build 19041 (10.0.19041.4717)
OS uptime: 10 days 14:48 hours
Hyper-V role detected

CPU: total 12 (initial active 12) (6 cores per cpu, 2 threads per core) family 6 model 165 stepping 5 microcode 0xec, cx8, cmov, fxsr, ht, mmx, 3dnowpref, sse, sse2, sse3, ssse3, sse4.1, sse4.2, popcnt, lzcnt, tsc, tscinvbit, avx, avx2, aes, erms, clmul, bmi1, bmi2, adx, fma, vzeroupper, clflush, clflushopt, hv, rdtscp

Memory: 4k page, system-wide physical 32581M (11872M free)
TotalPageFile size 46939M (AvailPageFile size 6486M)
current process WorkingSet (physical memory assigned to process): 501M, peak: 505M
current process commit charge ("private bytes"): 564M, peak: 662M

vm_info: OpenJDK 64-Bit Server VM (19.0.2+7) for windows-amd64 JRE (19.0.2+7), built on 2023-01-17T00:00:00Z by "temurin" with MS VC++ 16.7 (VS2019)

END.
